Simulator report for alu
Fri Apr 24 19:29:15 2026
Quartus II Version 9.1 Build 222 10/21/2009 SJ Web Edition


---------------------
; Table of Contents ;
---------------------
  1. Legal Notice
  2. Simulator Summary
  3. Simulator Settings
  4. Simulation Waveforms
  5. |cpu|lpm_ram_dp0:inst3|altsyncram:altsyncram_component|altsyncram_4v72:auto_generated|ALTSYNCRAM
  6. |cpu|rom:inst8|lpm_rom0:inst|altsyncram:altsyncram_component|altsyncram_t971:auto_generated|ALTSYNCRAM
  7. |cpu|lpm_rom2:inst4|altsyncram:altsyncram_component|altsyncram_ml71:auto_generated|ALTSYNCRAM
  8. Coverage Summary
  9. Complete 1/0-Value Coverage
 10. Missing 1-Value Coverage
 11. Missing 0-Value Coverage
 12. Simulator INI Usage
 13. Simulator Messages



----------------
; Legal Notice ;
----------------
Copyright (C) 1991-2009 Altera Corporation
Your use of Altera Corporation's design tools, logic functions 
and other software and tools, and its AMPP partner logic 
functions, and any output files from any of the foregoing 
(including device programming or simulation files), and any 
associated documentation or information are expressly subject 
to the terms and conditions of the Altera Program License 
Subscription Agreement, Altera MegaCore Function License 
Agreement, or other applicable license agreement, including, 
without limitation, that your use is for the sole purpose of 
programming logic devices manufactured by Altera and sold by 
Altera or its authorized distributors.  Please refer to the 
applicable agreement for further details.



+--------------------------------------------+
; Simulator Summary                          ;
+-----------------------------+--------------+
; Type                        ; Value        ;
+-----------------------------+--------------+
; Simulation Start Time       ; 0 ps         ;
; Simulation End Time         ; 1.0 us       ;
; Simulation Netlist Size     ; 223 nodes    ;
; Simulation Coverage         ;      67.23 % ;
; Total Number of Transitions ; 1271         ;
; Simulation Breakpoints      ; 0            ;
; Family                      ; Cyclone II   ;
+-----------------------------+--------------+


+-------------------------------------------------------------------------------------------------------------------------+
; Simulator Settings                                                                                                      ;
+--------------------------------------------------------------------------------------------+------------+---------------+
; Option                                                                                     ; Setting    ; Default Value ;
+--------------------------------------------------------------------------------------------+------------+---------------+
; Simulation mode                                                                            ; Functional ; Timing        ;
; Start time                                                                                 ; 0 ns       ; 0 ns          ;
; Simulation results format                                                                  ; CVWF       ;               ;
; Vector input source                                                                        ; cpu.vwf    ;               ;
; Add pins automatically to simulation output waveforms                                      ; On         ; On            ;
; Check outputs                                                                              ; Off        ; Off           ;
; Report simulation coverage                                                                 ; On         ; On            ;
; Display complete 1/0 value coverage report                                                 ; On         ; On            ;
; Display missing 1-value coverage report                                                    ; On         ; On            ;
; Display missing 0-value coverage report                                                    ; On         ; On            ;
; Detect setup and hold time violations                                                      ; Off        ; Off           ;
; Detect glitches                                                                            ; Off        ; Off           ;
; Disable timing delays in Timing Simulation                                                 ; Off        ; Off           ;
; Generate Signal Activity File                                                              ; Off        ; Off           ;
; Generate VCD File for PowerPlay Power Analyzer                                             ; Off        ; Off           ;
; Group bus channels in simulation results                                                   ; Off        ; Off           ;
; Preserve fewer signal transitions to reduce memory requirements                            ; On         ; On            ;
; Trigger vector comparison with the specified mode                                          ; INPUT_EDGE ; INPUT_EDGE    ;
; Disable setup and hold time violations detection in input registers of bi-directional pins ; Off        ; Off           ;
; Overwrite Waveform Inputs With Simulation Outputs                                          ; Off        ;               ;
; Perform Glitch Filtering in Timing Simulation                                              ; Auto       ; Auto          ;
+--------------------------------------------------------------------------------------------+------------+---------------+


+----------------------+
; Simulation Waveforms ;
+----------------------+
Waveform report data cannot be output to ASCII.
Please use Quartus II to view the waveform report data.


+--------------------------------------------------------------------------------------------------+
; |cpu|lpm_ram_dp0:inst3|altsyncram:altsyncram_component|altsyncram_4v72:auto_generated|ALTSYNCRAM ;
+--------------------------------------------------------------------------------------------------+
Please refer to fitter text-based report (*.fit.rpt) to view logical memory report content in ASCII.


+--------------------------------------------------------------------------------------------------------+
; |cpu|rom:inst8|lpm_rom0:inst|altsyncram:altsyncram_component|altsyncram_t971:auto_generated|ALTSYNCRAM ;
+--------------------------------------------------------------------------------------------------------+
Please refer to fitter text-based report (*.fit.rpt) to view logical memory report content in ASCII.


+-----------------------------------------------------------------------------------------------+
; |cpu|lpm_rom2:inst4|altsyncram:altsyncram_component|altsyncram_ml71:auto_generated|ALTSYNCRAM ;
+-----------------------------------------------------------------------------------------------+
Please refer to fitter text-based report (*.fit.rpt) to view logical memory report content in ASCII.


+--------------------------------------------------------------------+
; Coverage Summary                                                   ;
+-----------------------------------------------------+--------------+
; Type                                                ; Value        ;
+-----------------------------------------------------+--------------+
; Total coverage as a percentage                      ;      67.23 % ;
; Total nodes checked                                 ; 223          ;
; Total output ports checked                          ; 238          ;
; Total output ports with complete 1/0-value coverage ; 160          ;
; Total output ports with no 1/0-value coverage       ; 76           ;
; Total output ports with no 1-value coverage         ; 76           ;
; Total output ports with no 0-value coverage         ; 78           ;
+-----------------------------------------------------+--------------+


The following table displays output ports that toggle between 1 and 0 during simulation.
+----------------------------------------------------------------------------------------------------------------------------------------------------------------------------------------------------------------------------------------+
; Complete 1/0-Value Coverage                                                                                                                                                                                                            ;
+----------------------------------------------------------------------------------------------------------+----------------------------------------------------------------------------------------------------------+------------------+
; Node Name                                                                                                ; Output Port Name                                                                                         ; Output Port Type ;
+----------------------------------------------------------------------------------------------------------+----------------------------------------------------------------------------------------------------------+------------------+
; |cpu|CLK1                                                                                                ; |cpu|CLK1                                                                                                ; pin_out          ;
; |cpu|CLK                                                                                                 ; |cpu|CLK                                                                                                 ; out              ;
; |cpu|RST                                                                                                 ; |cpu|RST                                                                                                 ; out              ;
; |cpu|CLK2                                                                                                ; |cpu|CLK2                                                                                                ; pin_out          ;
; |cpu|CLK3                                                                                                ; |cpu|CLK3                                                                                                ; pin_out          ;
; |cpu|CLK4                                                                                                ; |cpu|CLK4                                                                                                ; pin_out          ;
; |cpu|WREN                                                                                                ; |cpu|WREN                                                                                                ; pin_out          ;
; |cpu|SLOAD                                                                                               ; |cpu|SLOAD                                                                                               ; pin_out          ;
; |cpu|ALU[7]                                                                                              ; |cpu|ALU[7]                                                                                              ; pin_out          ;
; |cpu|ALU[6]                                                                                              ; |cpu|ALU[6]                                                                                              ; pin_out          ;
; |cpu|ALU[5]                                                                                              ; |cpu|ALU[5]                                                                                              ; pin_out          ;
; |cpu|ALU[4]                                                                                              ; |cpu|ALU[4]                                                                                              ; pin_out          ;
; |cpu|ALU[3]                                                                                              ; |cpu|ALU[3]                                                                                              ; pin_out          ;
; |cpu|ALU[2]                                                                                              ; |cpu|ALU[2]                                                                                              ; pin_out          ;
; |cpu|ALU[1]                                                                                              ; |cpu|ALU[1]                                                                                              ; pin_out          ;
; |cpu|ALU[0]                                                                                              ; |cpu|ALU[0]                                                                                              ; pin_out          ;
; |cpu|DECODER[7]                                                                                          ; |cpu|DECODER[7]                                                                                          ; pin_out          ;
; |cpu|DECODER[6]                                                                                          ; |cpu|DECODER[6]                                                                                          ; pin_out          ;
; |cpu|DECODER[5]                                                                                          ; |cpu|DECODER[5]                                                                                          ; pin_out          ;
; |cpu|DECODER[4]                                                                                          ; |cpu|DECODER[4]                                                                                          ; pin_out          ;
; |cpu|DECODER[2]                                                                                          ; |cpu|DECODER[2]                                                                                          ; pin_out          ;
; |cpu|DECODER[1]                                                                                          ; |cpu|DECODER[1]                                                                                          ; pin_out          ;
; |cpu|DECODER[0]                                                                                          ; |cpu|DECODER[0]                                                                                          ; pin_out          ;
; |cpu|IR[6]                                                                                               ; |cpu|IR[6]                                                                                               ; pin_out          ;
; |cpu|IR[5]                                                                                               ; |cpu|IR[5]                                                                                               ; pin_out          ;
; |cpu|IR[4]                                                                                               ; |cpu|IR[4]                                                                                               ; pin_out          ;
; |cpu|IR[3]                                                                                               ; |cpu|IR[3]                                                                                               ; pin_out          ;
; |cpu|IR[2]                                                                                               ; |cpu|IR[2]                                                                                               ; pin_out          ;
; |cpu|IR[1]                                                                                               ; |cpu|IR[1]                                                                                               ; pin_out          ;
; |cpu|IR[0]                                                                                               ; |cpu|IR[0]                                                                                               ; pin_out          ;
; |cpu|PC[2]                                                                                               ; |cpu|PC[2]                                                                                               ; pin_out          ;
; |cpu|PC[1]                                                                                               ; |cpu|PC[1]                                                                                               ; pin_out          ;
; |cpu|PC[0]                                                                                               ; |cpu|PC[0]                                                                                               ; pin_out          ;
; |cpu|RD[2]                                                                                               ; |cpu|RD[2]                                                                                               ; pin_out          ;
; |cpu|RD[1]                                                                                               ; |cpu|RD[1]                                                                                               ; pin_out          ;
; |cpu|RD[0]                                                                                               ; |cpu|RD[0]                                                                                               ; pin_out          ;
; |cpu|ROM[6]                                                                                              ; |cpu|ROM[6]                                                                                              ; pin_out          ;
; |cpu|ROM[5]                                                                                              ; |cpu|ROM[5]                                                                                              ; pin_out          ;
; |cpu|ROM[4]                                                                                              ; |cpu|ROM[4]                                                                                              ; pin_out          ;
; |cpu|ROM[3]                                                                                              ; |cpu|ROM[3]                                                                                              ; pin_out          ;
; |cpu|ROM[2]                                                                                              ; |cpu|ROM[2]                                                                                              ; pin_out          ;
; |cpu|ROM[1]                                                                                              ; |cpu|ROM[1]                                                                                              ; pin_out          ;
; |cpu|ROM[0]                                                                                              ; |cpu|ROM[0]                                                                                              ; pin_out          ;
; |cpu|RS[1]                                                                                               ; |cpu|RS[1]                                                                                               ; pin_out          ;
; |cpu|RS[0]                                                                                               ; |cpu|RS[0]                                                                                               ; pin_out          ;
; |cpu|lpm_ram_dp0:inst3|altsyncram:altsyncram_component|altsyncram_4v72:auto_generated|ram_block1a0       ; |cpu|lpm_ram_dp0:inst3|altsyncram:altsyncram_component|altsyncram_4v72:auto_generated|q_a[0]             ; portadataout0    ;
; |cpu|lpm_ram_dp0:inst3|altsyncram:altsyncram_component|altsyncram_4v72:auto_generated|ram_block1a0       ; |cpu|lpm_ram_dp0:inst3|altsyncram:altsyncram_component|altsyncram_4v72:auto_generated|q_b[0]             ; portbdataout0    ;
; |cpu|lpm_ram_dp0:inst3|altsyncram:altsyncram_component|altsyncram_4v72:auto_generated|ram_block1a1       ; |cpu|lpm_ram_dp0:inst3|altsyncram:altsyncram_component|altsyncram_4v72:auto_generated|q_a[1]             ; portadataout0    ;
; |cpu|lpm_ram_dp0:inst3|altsyncram:altsyncram_component|altsyncram_4v72:auto_generated|ram_block1a1       ; |cpu|lpm_ram_dp0:inst3|altsyncram:altsyncram_component|altsyncram_4v72:auto_generated|q_b[1]             ; portbdataout0    ;
; |cpu|lpm_ram_dp0:inst3|altsyncram:altsyncram_component|altsyncram_4v72:auto_generated|ram_block1a2       ; |cpu|lpm_ram_dp0:inst3|altsyncram:altsyncram_component|altsyncram_4v72:auto_generated|q_a[2]             ; portadataout0    ;
; |cpu|alu:inst2|74181:inst|81                                                                             ; |cpu|alu:inst2|74181:inst|81                                                                             ; out0             ;
; |cpu|alu:inst2|74181:inst|54                                                                             ; |cpu|alu:inst2|74181:inst|54                                                                             ; out0             ;
; |cpu|alu:inst2|74181:inst|44                                                                             ; |cpu|alu:inst2|74181:inst|44                                                                             ; out0             ;
; |cpu|alu:inst2|74181:inst|12                                                                             ; |cpu|alu:inst2|74181:inst|12                                                                             ; out0             ;
; |cpu|alu:inst2|74181:inst|79                                                                             ; |cpu|alu:inst2|74181:inst|79                                                                             ; out0             ;
; |cpu|alu:inst2|74181:inst|66                                                                             ; |cpu|alu:inst2|74181:inst|66                                                                             ; out0             ;
; |cpu|alu:inst2|74181:inst|65                                                                             ; |cpu|alu:inst2|74181:inst|65                                                                             ; out0             ;
; |cpu|alu:inst2|74181:inst|43                                                                             ; |cpu|alu:inst2|74181:inst|43                                                                             ; out0             ;
; |cpu|alu:inst2|74181:inst|7                                                                              ; |cpu|alu:inst2|74181:inst|7                                                                              ; out0             ;
; |cpu|alu:inst2|74181:inst|77                                                                             ; |cpu|alu:inst2|74181:inst|77                                                                             ; out0             ;
; |cpu|alu:inst2|74181:inst|56                                                                             ; |cpu|alu:inst2|74181:inst|56                                                                             ; out0             ;
; |cpu|alu:inst2|74181:inst|51                                                                             ; |cpu|alu:inst2|74181:inst|51                                                                             ; out0             ;
; |cpu|alu:inst2|74181:inst|22                                                                             ; |cpu|alu:inst2|74181:inst|22                                                                             ; out0             ;
; |cpu|alu:inst2|74181:inst|74                                                                             ; |cpu|alu:inst2|74181:inst|74                                                                             ; out0             ;
; |cpu|alu:inst2|74181:inst|73                                                                             ; |cpu|alu:inst2|74181:inst|73                                                                             ; out0             ;
; |cpu|alu:inst2|74181:inst|72                                                                             ; |cpu|alu:inst2|74181:inst|72                                                                             ; out0             ;
; |cpu|alu:inst2|74181:inst|71                                                                             ; |cpu|alu:inst2|74181:inst|71                                                                             ; out0             ;
; |cpu|alu:inst2|74181:inst|70                                                                             ; |cpu|alu:inst2|74181:inst|70                                                                             ; out0             ;
; |cpu|alu:inst2|74181:inst|45                                                                             ; |cpu|alu:inst2|74181:inst|45                                                                             ; out0             ;
; |cpu|alu:inst2|74181:inst|17                                                                             ; |cpu|alu:inst2|74181:inst|17                                                                             ; out0             ;
; |cpu|alu:inst2|74181:inst|82                                                                             ; |cpu|alu:inst2|74181:inst|82                                                                             ; out0             ;
; |cpu|alu:inst2|74181:inst|55                                                                             ; |cpu|alu:inst2|74181:inst|55                                                                             ; out0             ;
; |cpu|alu:inst2|74181:inst|75                                                                             ; |cpu|alu:inst2|74181:inst|75                                                                             ; out0             ;
; |cpu|alu:inst2|74181:inst|67                                                                             ; |cpu|alu:inst2|74181:inst|67                                                                             ; out0             ;
; |cpu|alu:inst2|74181:inst|68                                                                             ; |cpu|alu:inst2|74181:inst|68                                                                             ; out0             ;
; |cpu|alu:inst2|74181:inst|69                                                                             ; |cpu|alu:inst2|74181:inst|69                                                                             ; out0             ;
; |cpu|alu:inst2|74181:inst|80                                                                             ; |cpu|alu:inst2|74181:inst|80                                                                             ; out0             ;
; |cpu|alu:inst2|74181:inst|53                                                                             ; |cpu|alu:inst2|74181:inst|53                                                                             ; out0             ;
; |cpu|alu:inst2|74181:inst|64                                                                             ; |cpu|alu:inst2|74181:inst|64                                                                             ; out0             ;
; |cpu|alu:inst2|74181:inst7|81                                                                            ; |cpu|alu:inst2|74181:inst7|81                                                                            ; out0             ;
; |cpu|alu:inst2|74181:inst7|54                                                                            ; |cpu|alu:inst2|74181:inst7|54                                                                            ; out0             ;
; |cpu|alu:inst2|74181:inst7|47                                                                            ; |cpu|alu:inst2|74181:inst7|47                                                                            ; out0             ;
; |cpu|alu:inst2|74181:inst7|14                                                                            ; |cpu|alu:inst2|74181:inst7|14                                                                            ; out0             ;
; |cpu|alu:inst2|74181:inst7|44                                                                            ; |cpu|alu:inst2|74181:inst7|44                                                                            ; out0             ;
; |cpu|alu:inst2|74181:inst7|11                                                                            ; |cpu|alu:inst2|74181:inst7|11                                                                            ; out0             ;
; |cpu|alu:inst2|74181:inst7|12                                                                            ; |cpu|alu:inst2|74181:inst7|12                                                                            ; out0             ;
; |cpu|alu:inst2|74181:inst7|79                                                                            ; |cpu|alu:inst2|74181:inst7|79                                                                            ; out0             ;
; |cpu|alu:inst2|74181:inst7|66                                                                            ; |cpu|alu:inst2|74181:inst7|66                                                                            ; out0             ;
; |cpu|alu:inst2|74181:inst7|46                                                                            ; |cpu|alu:inst2|74181:inst7|46                                                                            ; out0             ;
; |cpu|alu:inst2|74181:inst7|9                                                                             ; |cpu|alu:inst2|74181:inst7|9                                                                             ; out0             ;
; |cpu|alu:inst2|74181:inst7|65                                                                            ; |cpu|alu:inst2|74181:inst7|65                                                                            ; out0             ;
; |cpu|alu:inst2|74181:inst7|43                                                                            ; |cpu|alu:inst2|74181:inst7|43                                                                            ; out0             ;
; |cpu|alu:inst2|74181:inst7|6                                                                             ; |cpu|alu:inst2|74181:inst7|6                                                                             ; out0             ;
; |cpu|alu:inst2|74181:inst7|7                                                                             ; |cpu|alu:inst2|74181:inst7|7                                                                             ; out0             ;
; |cpu|alu:inst2|74181:inst7|77                                                                            ; |cpu|alu:inst2|74181:inst7|77                                                                            ; out0             ;
; |cpu|alu:inst2|74181:inst7|56                                                                            ; |cpu|alu:inst2|74181:inst7|56                                                                            ; out0             ;
; |cpu|alu:inst2|74181:inst7|51                                                                            ; |cpu|alu:inst2|74181:inst7|51                                                                            ; out0             ;
; |cpu|alu:inst2|74181:inst7|22                                                                            ; |cpu|alu:inst2|74181:inst7|22                                                                            ; out0             ;
; |cpu|alu:inst2|74181:inst7|74                                                                            ; |cpu|alu:inst2|74181:inst7|74                                                                            ; out0             ;
; |cpu|alu:inst2|74181:inst7|73                                                                            ; |cpu|alu:inst2|74181:inst7|73                                                                            ; out0             ;
; |cpu|alu:inst2|74181:inst7|48                                                                            ; |cpu|alu:inst2|74181:inst7|48                                                                            ; out0             ;
; |cpu|alu:inst2|74181:inst7|18                                                                            ; |cpu|alu:inst2|74181:inst7|18                                                                            ; out0             ;
; |cpu|alu:inst2|74181:inst7|72                                                                            ; |cpu|alu:inst2|74181:inst7|72                                                                            ; out0             ;
; |cpu|alu:inst2|74181:inst7|71                                                                            ; |cpu|alu:inst2|74181:inst7|71                                                                            ; out0             ;
; |cpu|alu:inst2|74181:inst7|70                                                                            ; |cpu|alu:inst2|74181:inst7|70                                                                            ; out0             ;
; |cpu|alu:inst2|74181:inst7|45                                                                            ; |cpu|alu:inst2|74181:inst7|45                                                                            ; out0             ;
; |cpu|alu:inst2|74181:inst7|17                                                                            ; |cpu|alu:inst2|74181:inst7|17                                                                            ; out0             ;
; |cpu|alu:inst2|74181:inst7|82                                                                            ; |cpu|alu:inst2|74181:inst7|82                                                                            ; out0             ;
; |cpu|alu:inst2|74181:inst7|55                                                                            ; |cpu|alu:inst2|74181:inst7|55                                                                            ; out0             ;
; |cpu|alu:inst2|74181:inst7|75                                                                            ; |cpu|alu:inst2|74181:inst7|75                                                                            ; out0             ;
; |cpu|alu:inst2|74181:inst7|67                                                                            ; |cpu|alu:inst2|74181:inst7|67                                                                            ; out0             ;
; |cpu|alu:inst2|74181:inst7|68                                                                            ; |cpu|alu:inst2|74181:inst7|68                                                                            ; out0             ;
; |cpu|alu:inst2|74181:inst7|69                                                                            ; |cpu|alu:inst2|74181:inst7|69                                                                            ; out0             ;
; |cpu|alu:inst2|74181:inst7|80                                                                            ; |cpu|alu:inst2|74181:inst7|80                                                                            ; out0             ;
; |cpu|alu:inst2|74181:inst7|53                                                                            ; |cpu|alu:inst2|74181:inst7|53                                                                            ; out0             ;
; |cpu|alu:inst2|74181:inst7|64                                                                            ; |cpu|alu:inst2|74181:inst7|64                                                                            ; out0             ;
; |cpu|alu:inst2|74181:inst7|78                                                                            ; |cpu|alu:inst2|74181:inst7|78                                                                            ; out0             ;
; |cpu|alu:inst2|74181:inst7|63                                                                            ; |cpu|alu:inst2|74181:inst7|63                                                                            ; out0             ;
; |cpu|alu:inst2|74181:inst7|58                                                                            ; |cpu|alu:inst2|74181:inst7|58                                                                            ; out0             ;
; |cpu|alu:inst2|74181:inst7|59                                                                            ; |cpu|alu:inst2|74181:inst7|59                                                                            ; out0             ;
; |cpu|alu:inst2|74181:inst7|62                                                                            ; |cpu|alu:inst2|74181:inst7|62                                                                            ; out0             ;
; |cpu|alu:inst2|74181:inst7|61                                                                            ; |cpu|alu:inst2|74181:inst7|61                                                                            ; out0             ;
; |cpu|lpm_counter0:inst|lpm_counter:lpm_counter_component|cntr_9ki:auto_generated|counter_comb_bita0      ; |cpu|lpm_counter0:inst|lpm_counter:lpm_counter_component|cntr_9ki:auto_generated|counter_comb_bita0      ; combout          ;
; |cpu|lpm_counter0:inst|lpm_counter:lpm_counter_component|cntr_9ki:auto_generated|counter_comb_bita0      ; |cpu|lpm_counter0:inst|lpm_counter:lpm_counter_component|cntr_9ki:auto_generated|counter_comb_bita0~COUT ; cout             ;
; |cpu|lpm_counter0:inst|lpm_counter:lpm_counter_component|cntr_9ki:auto_generated|counter_comb_bita1      ; |cpu|lpm_counter0:inst|lpm_counter:lpm_counter_component|cntr_9ki:auto_generated|counter_comb_bita1      ; combout          ;
; |cpu|lpm_counter0:inst|lpm_counter:lpm_counter_component|cntr_9ki:auto_generated|counter_comb_bita1      ; |cpu|lpm_counter0:inst|lpm_counter:lpm_counter_component|cntr_9ki:auto_generated|counter_comb_bita1~COUT ; cout             ;
; |cpu|lpm_counter0:inst|lpm_counter:lpm_counter_component|cntr_9ki:auto_generated|counter_comb_bita2      ; |cpu|lpm_counter0:inst|lpm_counter:lpm_counter_component|cntr_9ki:auto_generated|counter_comb_bita2      ; combout          ;
; |cpu|lpm_counter0:inst|lpm_counter:lpm_counter_component|cntr_9ki:auto_generated|counter_comb_bita2      ; |cpu|lpm_counter0:inst|lpm_counter:lpm_counter_component|cntr_9ki:auto_generated|counter_comb_bita2~COUT ; cout             ;
; |cpu|lpm_counter0:inst|lpm_counter:lpm_counter_component|cntr_9ki:auto_generated|counter_comb_bita3      ; |cpu|lpm_counter0:inst|lpm_counter:lpm_counter_component|cntr_9ki:auto_generated|counter_comb_bita3      ; combout          ;
; |cpu|lpm_counter0:inst|lpm_counter:lpm_counter_component|cntr_9ki:auto_generated|counter_reg_bit1a[2]    ; |cpu|lpm_counter0:inst|lpm_counter:lpm_counter_component|cntr_9ki:auto_generated|safe_q[2]               ; regout           ;
; |cpu|lpm_counter0:inst|lpm_counter:lpm_counter_component|cntr_9ki:auto_generated|counter_reg_bit1a[1]    ; |cpu|lpm_counter0:inst|lpm_counter:lpm_counter_component|cntr_9ki:auto_generated|safe_q[1]               ; regout           ;
; |cpu|lpm_counter0:inst|lpm_counter:lpm_counter_component|cntr_9ki:auto_generated|counter_reg_bit1a[0]    ; |cpu|lpm_counter0:inst|lpm_counter:lpm_counter_component|cntr_9ki:auto_generated|safe_q[0]               ; regout           ;
; |cpu|rom:inst8|lpm_rom0:inst|altsyncram:altsyncram_component|altsyncram_t971:auto_generated|ram_block1a0 ; |cpu|rom:inst8|lpm_rom0:inst|altsyncram:altsyncram_component|altsyncram_t971:auto_generated|q_a[0]       ; portadataout0    ;
; |cpu|rom:inst8|lpm_rom0:inst|altsyncram:altsyncram_component|altsyncram_t971:auto_generated|ram_block1a1 ; |cpu|rom:inst8|lpm_rom0:inst|altsyncram:altsyncram_component|altsyncram_t971:auto_generated|q_a[1]       ; portadataout0    ;
; |cpu|rom:inst8|lpm_rom0:inst|altsyncram:altsyncram_component|altsyncram_t971:auto_generated|ram_block1a2 ; |cpu|rom:inst8|lpm_rom0:inst|altsyncram:altsyncram_component|altsyncram_t971:auto_generated|q_a[2]       ; portadataout0    ;
; |cpu|rom:inst8|lpm_rom0:inst|altsyncram:altsyncram_component|altsyncram_t971:auto_generated|ram_block1a3 ; |cpu|rom:inst8|lpm_rom0:inst|altsyncram:altsyncram_component|altsyncram_t971:auto_generated|q_a[3]       ; portadataout0    ;
; |cpu|rom:inst8|lpm_rom0:inst|altsyncram:altsyncram_component|altsyncram_t971:auto_generated|ram_block1a4 ; |cpu|rom:inst8|lpm_rom0:inst|altsyncram:altsyncram_component|altsyncram_t971:auto_generated|q_a[4]       ; portadataout0    ;
; |cpu|rom:inst8|lpm_rom0:inst|altsyncram:altsyncram_component|altsyncram_t971:auto_generated|ram_block1a5 ; |cpu|rom:inst8|lpm_rom0:inst|altsyncram:altsyncram_component|altsyncram_t971:auto_generated|q_a[5]       ; portadataout0    ;
; |cpu|rom:inst8|lpm_rom0:inst|altsyncram:altsyncram_component|altsyncram_t971:auto_generated|ram_block1a6 ; |cpu|rom:inst8|lpm_rom0:inst|altsyncram:altsyncram_component|altsyncram_t971:auto_generated|q_a[6]       ; portadataout0    ;
; |cpu|IR:inst13|lpm_ff:lpm_ff_component|dffs[6]                                                           ; |cpu|IR:inst13|lpm_ff:lpm_ff_component|dffs[6]                                                           ; regout           ;
; |cpu|IR:inst13|lpm_ff:lpm_ff_component|dffs[5]                                                           ; |cpu|IR:inst13|lpm_ff:lpm_ff_component|dffs[5]                                                           ; regout           ;
; |cpu|IR:inst13|lpm_ff:lpm_ff_component|dffs[4]                                                           ; |cpu|IR:inst13|lpm_ff:lpm_ff_component|dffs[4]                                                           ; regout           ;
; |cpu|IR:inst13|lpm_ff:lpm_ff_component|dffs[3]                                                           ; |cpu|IR:inst13|lpm_ff:lpm_ff_component|dffs[3]                                                           ; regout           ;
; |cpu|IR:inst13|lpm_ff:lpm_ff_component|dffs[2]                                                           ; |cpu|IR:inst13|lpm_ff:lpm_ff_component|dffs[2]                                                           ; regout           ;
; |cpu|IR:inst13|lpm_ff:lpm_ff_component|dffs[1]                                                           ; |cpu|IR:inst13|lpm_ff:lpm_ff_component|dffs[1]                                                           ; regout           ;
; |cpu|IR:inst13|lpm_ff:lpm_ff_component|dffs[0]                                                           ; |cpu|IR:inst13|lpm_ff:lpm_ff_component|dffs[0]                                                           ; regout           ;
; |cpu|lpm_rom2:inst4|altsyncram:altsyncram_component|altsyncram_ml71:auto_generated|ram_block1a0          ; |cpu|lpm_rom2:inst4|altsyncram:altsyncram_component|altsyncram_ml71:auto_generated|q_a[0]                ; portadataout0    ;
; |cpu|lpm_rom2:inst4|altsyncram:altsyncram_component|altsyncram_ml71:auto_generated|ram_block1a1          ; |cpu|lpm_rom2:inst4|altsyncram:altsyncram_component|altsyncram_ml71:auto_generated|q_a[1]                ; portadataout0    ;
; |cpu|lpm_rom2:inst4|altsyncram:altsyncram_component|altsyncram_ml71:auto_generated|ram_block1a2          ; |cpu|lpm_rom2:inst4|altsyncram:altsyncram_component|altsyncram_ml71:auto_generated|q_a[2]                ; portadataout0    ;
; |cpu|lpm_rom2:inst4|altsyncram:altsyncram_component|altsyncram_ml71:auto_generated|ram_block1a4          ; |cpu|lpm_rom2:inst4|altsyncram:altsyncram_component|altsyncram_ml71:auto_generated|q_a[4]                ; portadataout0    ;
; |cpu|lpm_rom2:inst4|altsyncram:altsyncram_component|altsyncram_ml71:auto_generated|ram_block1a5          ; |cpu|lpm_rom2:inst4|altsyncram:altsyncram_component|altsyncram_ml71:auto_generated|q_a[5]                ; portadataout0    ;
; |cpu|lpm_rom2:inst4|altsyncram:altsyncram_component|altsyncram_ml71:auto_generated|ram_block1a6          ; |cpu|lpm_rom2:inst4|altsyncram:altsyncram_component|altsyncram_ml71:auto_generated|q_a[6]                ; portadataout0    ;
; |cpu|lpm_rom2:inst4|altsyncram:altsyncram_component|altsyncram_ml71:auto_generated|ram_block1a7          ; |cpu|lpm_rom2:inst4|altsyncram:altsyncram_component|altsyncram_ml71:auto_generated|q_a[7]                ; portadataout0    ;
; |cpu|FPPG:inst15|inst                                                                                    ; |cpu|FPPG:inst15|inst                                                                                    ; regout           ;
; |cpu|FPPG:inst15|inst8                                                                                   ; |cpu|FPPG:inst15|inst8                                                                                   ; out0             ;
; |cpu|FPPG:inst15|inst6                                                                                   ; |cpu|FPPG:inst15|inst6                                                                                   ; regout           ;
; |cpu|FPPG:inst15|inst3                                                                                   ; |cpu|FPPG:inst15|inst3                                                                                   ; regout           ;
; |cpu|FPPG:inst15|inst2                                                                                   ; |cpu|FPPG:inst15|inst2                                                                                   ; regout           ;
; |cpu|FPPG:inst15|inst4                                                                                   ; |cpu|FPPG:inst15|inst4                                                                                   ; regout           ;
; |cpu|FPPG:inst15|inst5                                                                                   ; |cpu|FPPG:inst15|inst5                                                                                   ; out0             ;
+----------------------------------------------------------------------------------------------------------+----------------------------------------------------------------------------------------------------------+------------------+


The following table displays output ports that do not toggle to 1 during simulation.
+----------------------------------------------------------------------------------------------------------------------------------------------------------------------------------------------------------------------------------------+
; Missing 1-Value Coverage                                                                                                                                                                                                               ;
+----------------------------------------------------------------------------------------------------------+----------------------------------------------------------------------------------------------------------+------------------+
; Node Name                                                                                                ; Output Port Name                                                                                         ; Output Port Type ;
+----------------------------------------------------------------------------------------------------------+----------------------------------------------------------------------------------------------------------+------------------+
; |cpu|DECODER[3]                                                                                          ; |cpu|DECODER[3]                                                                                          ; pin_out          ;
; |cpu|IR[7]                                                                                               ; |cpu|IR[7]                                                                                               ; pin_out          ;
; |cpu|OUTPUT[7]                                                                                           ; |cpu|OUTPUT[7]                                                                                           ; pin_out          ;
; |cpu|OUTPUT[6]                                                                                           ; |cpu|OUTPUT[6]                                                                                           ; pin_out          ;
; |cpu|OUTPUT[5]                                                                                           ; |cpu|OUTPUT[5]                                                                                           ; pin_out          ;
; |cpu|OUTPUT[4]                                                                                           ; |cpu|OUTPUT[4]                                                                                           ; pin_out          ;
; |cpu|OUTPUT[3]                                                                                           ; |cpu|OUTPUT[3]                                                                                           ; pin_out          ;
; |cpu|OUTPUT[2]                                                                                           ; |cpu|OUTPUT[2]                                                                                           ; pin_out          ;
; |cpu|OUTPUT[1]                                                                                           ; |cpu|OUTPUT[1]                                                                                           ; pin_out          ;
; |cpu|OUTPUT[0]                                                                                           ; |cpu|OUTPUT[0]                                                                                           ; pin_out          ;
; |cpu|PC[7]                                                                                               ; |cpu|PC[7]                                                                                               ; pin_out          ;
; |cpu|PC[6]                                                                                               ; |cpu|PC[6]                                                                                               ; pin_out          ;
; |cpu|PC[5]                                                                                               ; |cpu|PC[5]                                                                                               ; pin_out          ;
; |cpu|PC[4]                                                                                               ; |cpu|PC[4]                                                                                               ; pin_out          ;
; |cpu|PC[3]                                                                                               ; |cpu|PC[3]                                                                                               ; pin_out          ;
; |cpu|RD[7]                                                                                               ; |cpu|RD[7]                                                                                               ; pin_out          ;
; |cpu|RD[6]                                                                                               ; |cpu|RD[6]                                                                                               ; pin_out          ;
; |cpu|RD[5]                                                                                               ; |cpu|RD[5]                                                                                               ; pin_out          ;
; |cpu|RD[4]                                                                                               ; |cpu|RD[4]                                                                                               ; pin_out          ;
; |cpu|RD[3]                                                                                               ; |cpu|RD[3]                                                                                               ; pin_out          ;
; |cpu|ROM[7]                                                                                              ; |cpu|ROM[7]                                                                                              ; pin_out          ;
; |cpu|RS[7]                                                                                               ; |cpu|RS[7]                                                                                               ; pin_out          ;
; |cpu|RS[6]                                                                                               ; |cpu|RS[6]                                                                                               ; pin_out          ;
; |cpu|RS[5]                                                                                               ; |cpu|RS[5]                                                                                               ; pin_out          ;
; |cpu|RS[4]                                                                                               ; |cpu|RS[4]                                                                                               ; pin_out          ;
; |cpu|RS[3]                                                                                               ; |cpu|RS[3]                                                                                               ; pin_out          ;
; |cpu|lpm_ram_dp0:inst3|altsyncram:altsyncram_component|altsyncram_4v72:auto_generated|ram_block1a3       ; |cpu|lpm_ram_dp0:inst3|altsyncram:altsyncram_component|altsyncram_4v72:auto_generated|q_a[3]             ; portadataout0    ;
; |cpu|lpm_ram_dp0:inst3|altsyncram:altsyncram_component|altsyncram_4v72:auto_generated|ram_block1a3       ; |cpu|lpm_ram_dp0:inst3|altsyncram:altsyncram_component|altsyncram_4v72:auto_generated|q_b[3]             ; portbdataout0    ;
; |cpu|lpm_ram_dp0:inst3|altsyncram:altsyncram_component|altsyncram_4v72:auto_generated|ram_block1a4       ; |cpu|lpm_ram_dp0:inst3|altsyncram:altsyncram_component|altsyncram_4v72:auto_generated|q_a[4]             ; portadataout0    ;
; |cpu|lpm_ram_dp0:inst3|altsyncram:altsyncram_component|altsyncram_4v72:auto_generated|ram_block1a4       ; |cpu|lpm_ram_dp0:inst3|altsyncram:altsyncram_component|altsyncram_4v72:auto_generated|q_b[4]             ; portbdataout0    ;
; |cpu|lpm_ram_dp0:inst3|altsyncram:altsyncram_component|altsyncram_4v72:auto_generated|ram_block1a5       ; |cpu|lpm_ram_dp0:inst3|altsyncram:altsyncram_component|altsyncram_4v72:auto_generated|q_a[5]             ; portadataout0    ;
; |cpu|lpm_ram_dp0:inst3|altsyncram:altsyncram_component|altsyncram_4v72:auto_generated|ram_block1a5       ; |cpu|lpm_ram_dp0:inst3|altsyncram:altsyncram_component|altsyncram_4v72:auto_generated|q_b[5]             ; portbdataout0    ;
; |cpu|lpm_ram_dp0:inst3|altsyncram:altsyncram_component|altsyncram_4v72:auto_generated|ram_block1a6       ; |cpu|lpm_ram_dp0:inst3|altsyncram:altsyncram_component|altsyncram_4v72:auto_generated|q_a[6]             ; portadataout0    ;
; |cpu|lpm_ram_dp0:inst3|altsyncram:altsyncram_component|altsyncram_4v72:auto_generated|ram_block1a6       ; |cpu|lpm_ram_dp0:inst3|altsyncram:altsyncram_component|altsyncram_4v72:auto_generated|q_b[6]             ; portbdataout0    ;
; |cpu|lpm_ram_dp0:inst3|altsyncram:altsyncram_component|altsyncram_4v72:auto_generated|ram_block1a7       ; |cpu|lpm_ram_dp0:inst3|altsyncram:altsyncram_component|altsyncram_4v72:auto_generated|q_a[7]             ; portadataout0    ;
; |cpu|lpm_ram_dp0:inst3|altsyncram:altsyncram_component|altsyncram_4v72:auto_generated|ram_block1a7       ; |cpu|lpm_ram_dp0:inst3|altsyncram:altsyncram_component|altsyncram_4v72:auto_generated|q_b[7]             ; portbdataout0    ;
; |cpu|alu:inst2|74181:inst|47                                                                             ; |cpu|alu:inst2|74181:inst|47                                                                             ; out0             ;
; |cpu|alu:inst2|74181:inst|14                                                                             ; |cpu|alu:inst2|74181:inst|14                                                                             ; out0             ;
; |cpu|alu:inst2|74181:inst|13                                                                             ; |cpu|alu:inst2|74181:inst|13                                                                             ; out0             ;
; |cpu|alu:inst2|74181:inst|11                                                                             ; |cpu|alu:inst2|74181:inst|11                                                                             ; out0             ;
; |cpu|alu:inst2|74181:inst|46                                                                             ; |cpu|alu:inst2|74181:inst|46                                                                             ; out0             ;
; |cpu|alu:inst2|74181:inst|9                                                                              ; |cpu|alu:inst2|74181:inst|9                                                                              ; out0             ;
; |cpu|alu:inst2|74181:inst|8                                                                              ; |cpu|alu:inst2|74181:inst|8                                                                              ; out0             ;
; |cpu|alu:inst2|74181:inst|6                                                                              ; |cpu|alu:inst2|74181:inst|6                                                                              ; out0             ;
; |cpu|alu:inst2|74181:inst|52                                                                             ; |cpu|alu:inst2|74181:inst|52                                                                             ; out0             ;
; |cpu|alu:inst2|74181:inst|24                                                                             ; |cpu|alu:inst2|74181:inst|24                                                                             ; out0             ;
; |cpu|alu:inst2|74181:inst|23                                                                             ; |cpu|alu:inst2|74181:inst|23                                                                             ; out0             ;
; |cpu|alu:inst2|74181:inst|21                                                                             ; |cpu|alu:inst2|74181:inst|21                                                                             ; out0             ;
; |cpu|alu:inst2|74181:inst|48                                                                             ; |cpu|alu:inst2|74181:inst|48                                                                             ; out0             ;
; |cpu|alu:inst2|74181:inst|19                                                                             ; |cpu|alu:inst2|74181:inst|19                                                                             ; out0             ;
; |cpu|alu:inst2|74181:inst|18                                                                             ; |cpu|alu:inst2|74181:inst|18                                                                             ; out0             ;
; |cpu|alu:inst2|74181:inst|16                                                                             ; |cpu|alu:inst2|74181:inst|16                                                                             ; out0             ;
; |cpu|alu:inst2|74181:inst7|13                                                                            ; |cpu|alu:inst2|74181:inst7|13                                                                            ; out0             ;
; |cpu|alu:inst2|74181:inst7|8                                                                             ; |cpu|alu:inst2|74181:inst7|8                                                                             ; out0             ;
; |cpu|alu:inst2|74181:inst7|52                                                                            ; |cpu|alu:inst2|74181:inst7|52                                                                            ; out0             ;
; |cpu|alu:inst2|74181:inst7|24                                                                            ; |cpu|alu:inst2|74181:inst7|24                                                                            ; out0             ;
; |cpu|alu:inst2|74181:inst7|23                                                                            ; |cpu|alu:inst2|74181:inst7|23                                                                            ; out0             ;
; |cpu|alu:inst2|74181:inst7|21                                                                            ; |cpu|alu:inst2|74181:inst7|21                                                                            ; out0             ;
; |cpu|alu:inst2|74181:inst7|19                                                                            ; |cpu|alu:inst2|74181:inst7|19                                                                            ; out0             ;
; |cpu|alu:inst2|74181:inst7|16                                                                            ; |cpu|alu:inst2|74181:inst7|16                                                                            ; out0             ;
; |cpu|lpm_counter0:inst|lpm_counter:lpm_counter_component|cntr_9ki:auto_generated|counter_comb_bita3      ; |cpu|lpm_counter0:inst|lpm_counter:lpm_counter_component|cntr_9ki:auto_generated|counter_comb_bita3~COUT ; cout             ;
; |cpu|lpm_counter0:inst|lpm_counter:lpm_counter_component|cntr_9ki:auto_generated|counter_comb_bita4      ; |cpu|lpm_counter0:inst|lpm_counter:lpm_counter_component|cntr_9ki:auto_generated|counter_comb_bita4      ; combout          ;
; |cpu|lpm_counter0:inst|lpm_counter:lpm_counter_component|cntr_9ki:auto_generated|counter_comb_bita4      ; |cpu|lpm_counter0:inst|lpm_counter:lpm_counter_component|cntr_9ki:auto_generated|counter_comb_bita4~COUT ; cout             ;
; |cpu|lpm_counter0:inst|lpm_counter:lpm_counter_component|cntr_9ki:auto_generated|counter_comb_bita5      ; |cpu|lpm_counter0:inst|lpm_counter:lpm_counter_component|cntr_9ki:auto_generated|counter_comb_bita5      ; combout          ;
; |cpu|lpm_counter0:inst|lpm_counter:lpm_counter_component|cntr_9ki:auto_generated|counter_comb_bita5      ; |cpu|lpm_counter0:inst|lpm_counter:lpm_counter_component|cntr_9ki:auto_generated|counter_comb_bita5~COUT ; cout             ;
; |cpu|lpm_counter0:inst|lpm_counter:lpm_counter_component|cntr_9ki:auto_generated|counter_comb_bita6      ; |cpu|lpm_counter0:inst|lpm_counter:lpm_counter_component|cntr_9ki:auto_generated|counter_comb_bita6      ; combout          ;
; |cpu|lpm_counter0:inst|lpm_counter:lpm_counter_component|cntr_9ki:auto_generated|counter_comb_bita6      ; |cpu|lpm_counter0:inst|lpm_counter:lpm_counter_component|cntr_9ki:auto_generated|counter_comb_bita6~COUT ; cout             ;
; |cpu|lpm_counter0:inst|lpm_counter:lpm_counter_component|cntr_9ki:auto_generated|counter_comb_bita7      ; |cpu|lpm_counter0:inst|lpm_counter:lpm_counter_component|cntr_9ki:auto_generated|counter_comb_bita7      ; combout          ;
; |cpu|lpm_counter0:inst|lpm_counter:lpm_counter_component|cntr_9ki:auto_generated|counter_reg_bit1a[7]    ; |cpu|lpm_counter0:inst|lpm_counter:lpm_counter_component|cntr_9ki:auto_generated|safe_q[7]               ; regout           ;
; |cpu|lpm_counter0:inst|lpm_counter:lpm_counter_component|cntr_9ki:auto_generated|counter_reg_bit1a[6]    ; |cpu|lpm_counter0:inst|lpm_counter:lpm_counter_component|cntr_9ki:auto_generated|safe_q[6]               ; regout           ;
; |cpu|lpm_counter0:inst|lpm_counter:lpm_counter_component|cntr_9ki:auto_generated|counter_reg_bit1a[5]    ; |cpu|lpm_counter0:inst|lpm_counter:lpm_counter_component|cntr_9ki:auto_generated|safe_q[5]               ; regout           ;
; |cpu|lpm_counter0:inst|lpm_counter:lpm_counter_component|cntr_9ki:auto_generated|counter_reg_bit1a[4]    ; |cpu|lpm_counter0:inst|lpm_counter:lpm_counter_component|cntr_9ki:auto_generated|safe_q[4]               ; regout           ;
; |cpu|lpm_counter0:inst|lpm_counter:lpm_counter_component|cntr_9ki:auto_generated|counter_reg_bit1a[3]    ; |cpu|lpm_counter0:inst|lpm_counter:lpm_counter_component|cntr_9ki:auto_generated|safe_q[3]               ; regout           ;
; |cpu|rom:inst8|lpm_rom0:inst|altsyncram:altsyncram_component|altsyncram_t971:auto_generated|ram_block1a7 ; |cpu|rom:inst8|lpm_rom0:inst|altsyncram:altsyncram_component|altsyncram_t971:auto_generated|q_a[7]       ; portadataout0    ;
; |cpu|IR:inst13|lpm_ff:lpm_ff_component|dffs[7]                                                           ; |cpu|IR:inst13|lpm_ff:lpm_ff_component|dffs[7]                                                           ; regout           ;
; |cpu|lpm_rom2:inst4|altsyncram:altsyncram_component|altsyncram_ml71:auto_generated|ram_block1a3          ; |cpu|lpm_rom2:inst4|altsyncram:altsyncram_component|altsyncram_ml71:auto_generated|q_a[3]                ; portadataout0    ;
+----------------------------------------------------------------------------------------------------------+----------------------------------------------------------------------------------------------------------+------------------+


The following table displays output ports that do not toggle to 0 during simulation.
+----------------------------------------------------------------------------------------------------------------------------------------------------------------------------------------------------------------------------------------+
; Missing 0-Value Coverage                                                                                                                                                                                                               ;
+----------------------------------------------------------------------------------------------------------+----------------------------------------------------------------------------------------------------------+------------------+
; Node Name                                                                                                ; Output Port Name                                                                                         ; Output Port Type ;
+----------------------------------------------------------------------------------------------------------+----------------------------------------------------------------------------------------------------------+------------------+
; |cpu|DECODER[3]                                                                                          ; |cpu|DECODER[3]                                                                                          ; pin_out          ;
; |cpu|IR[7]                                                                                               ; |cpu|IR[7]                                                                                               ; pin_out          ;
; |cpu|OUTPUT[7]                                                                                           ; |cpu|OUTPUT[7]                                                                                           ; pin_out          ;
; |cpu|OUTPUT[6]                                                                                           ; |cpu|OUTPUT[6]                                                                                           ; pin_out          ;
; |cpu|OUTPUT[5]                                                                                           ; |cpu|OUTPUT[5]                                                                                           ; pin_out          ;
; |cpu|OUTPUT[4]                                                                                           ; |cpu|OUTPUT[4]                                                                                           ; pin_out          ;
; |cpu|OUTPUT[3]                                                                                           ; |cpu|OUTPUT[3]                                                                                           ; pin_out          ;
; |cpu|OUTPUT[2]                                                                                           ; |cpu|OUTPUT[2]                                                                                           ; pin_out          ;
; |cpu|OUTPUT[1]                                                                                           ; |cpu|OUTPUT[1]                                                                                           ; pin_out          ;
; |cpu|OUTPUT[0]                                                                                           ; |cpu|OUTPUT[0]                                                                                           ; pin_out          ;
; |cpu|PC[7]                                                                                               ; |cpu|PC[7]                                                                                               ; pin_out          ;
; |cpu|PC[6]                                                                                               ; |cpu|PC[6]                                                                                               ; pin_out          ;
; |cpu|PC[5]                                                                                               ; |cpu|PC[5]                                                                                               ; pin_out          ;
; |cpu|PC[4]                                                                                               ; |cpu|PC[4]                                                                                               ; pin_out          ;
; |cpu|PC[3]                                                                                               ; |cpu|PC[3]                                                                                               ; pin_out          ;
; |cpu|RD[7]                                                                                               ; |cpu|RD[7]                                                                                               ; pin_out          ;
; |cpu|RD[6]                                                                                               ; |cpu|RD[6]                                                                                               ; pin_out          ;
; |cpu|RD[5]                                                                                               ; |cpu|RD[5]                                                                                               ; pin_out          ;
; |cpu|RD[4]                                                                                               ; |cpu|RD[4]                                                                                               ; pin_out          ;
; |cpu|RD[3]                                                                                               ; |cpu|RD[3]                                                                                               ; pin_out          ;
; |cpu|ROM[7]                                                                                              ; |cpu|ROM[7]                                                                                              ; pin_out          ;
; |cpu|RS[7]                                                                                               ; |cpu|RS[7]                                                                                               ; pin_out          ;
; |cpu|RS[6]                                                                                               ; |cpu|RS[6]                                                                                               ; pin_out          ;
; |cpu|RS[5]                                                                                               ; |cpu|RS[5]                                                                                               ; pin_out          ;
; |cpu|RS[4]                                                                                               ; |cpu|RS[4]                                                                                               ; pin_out          ;
; |cpu|RS[3]                                                                                               ; |cpu|RS[3]                                                                                               ; pin_out          ;
; |cpu|RS[2]                                                                                               ; |cpu|RS[2]                                                                                               ; pin_out          ;
; |cpu|lpm_ram_dp0:inst3|altsyncram:altsyncram_component|altsyncram_4v72:auto_generated|ram_block1a2       ; |cpu|lpm_ram_dp0:inst3|altsyncram:altsyncram_component|altsyncram_4v72:auto_generated|q_b[2]             ; portbdataout0    ;
; |cpu|lpm_ram_dp0:inst3|altsyncram:altsyncram_component|altsyncram_4v72:auto_generated|ram_block1a3       ; |cpu|lpm_ram_dp0:inst3|altsyncram:altsyncram_component|altsyncram_4v72:auto_generated|q_a[3]             ; portadataout0    ;
; |cpu|lpm_ram_dp0:inst3|altsyncram:altsyncram_component|altsyncram_4v72:auto_generated|ram_block1a3       ; |cpu|lpm_ram_dp0:inst3|altsyncram:altsyncram_component|altsyncram_4v72:auto_generated|q_b[3]             ; portbdataout0    ;
; |cpu|lpm_ram_dp0:inst3|altsyncram:altsyncram_component|altsyncram_4v72:auto_generated|ram_block1a4       ; |cpu|lpm_ram_dp0:inst3|altsyncram:altsyncram_component|altsyncram_4v72:auto_generated|q_a[4]             ; portadataout0    ;
; |cpu|lpm_ram_dp0:inst3|altsyncram:altsyncram_component|altsyncram_4v72:auto_generated|ram_block1a4       ; |cpu|lpm_ram_dp0:inst3|altsyncram:altsyncram_component|altsyncram_4v72:auto_generated|q_b[4]             ; portbdataout0    ;
; |cpu|lpm_ram_dp0:inst3|altsyncram:altsyncram_component|altsyncram_4v72:auto_generated|ram_block1a5       ; |cpu|lpm_ram_dp0:inst3|altsyncram:altsyncram_component|altsyncram_4v72:auto_generated|q_a[5]             ; portadataout0    ;
; |cpu|lpm_ram_dp0:inst3|altsyncram:altsyncram_component|altsyncram_4v72:auto_generated|ram_block1a5       ; |cpu|lpm_ram_dp0:inst3|altsyncram:altsyncram_component|altsyncram_4v72:auto_generated|q_b[5]             ; portbdataout0    ;
; |cpu|lpm_ram_dp0:inst3|altsyncram:altsyncram_component|altsyncram_4v72:auto_generated|ram_block1a6       ; |cpu|lpm_ram_dp0:inst3|altsyncram:altsyncram_component|altsyncram_4v72:auto_generated|q_a[6]             ; portadataout0    ;
; |cpu|lpm_ram_dp0:inst3|altsyncram:altsyncram_component|altsyncram_4v72:auto_generated|ram_block1a6       ; |cpu|lpm_ram_dp0:inst3|altsyncram:altsyncram_component|altsyncram_4v72:auto_generated|q_b[6]             ; portbdataout0    ;
; |cpu|lpm_ram_dp0:inst3|altsyncram:altsyncram_component|altsyncram_4v72:auto_generated|ram_block1a7       ; |cpu|lpm_ram_dp0:inst3|altsyncram:altsyncram_component|altsyncram_4v72:auto_generated|q_a[7]             ; portadataout0    ;
; |cpu|lpm_ram_dp0:inst3|altsyncram:altsyncram_component|altsyncram_4v72:auto_generated|ram_block1a7       ; |cpu|lpm_ram_dp0:inst3|altsyncram:altsyncram_component|altsyncram_4v72:auto_generated|q_b[7]             ; portbdataout0    ;
; |cpu|alu:inst2|74181:inst|47                                                                             ; |cpu|alu:inst2|74181:inst|47                                                                             ; out0             ;
; |cpu|alu:inst2|74181:inst|14                                                                             ; |cpu|alu:inst2|74181:inst|14                                                                             ; out0             ;
; |cpu|alu:inst2|74181:inst|13                                                                             ; |cpu|alu:inst2|74181:inst|13                                                                             ; out0             ;
; |cpu|alu:inst2|74181:inst|11                                                                             ; |cpu|alu:inst2|74181:inst|11                                                                             ; out0             ;
; |cpu|alu:inst2|74181:inst|46                                                                             ; |cpu|alu:inst2|74181:inst|46                                                                             ; out0             ;
; |cpu|alu:inst2|74181:inst|9                                                                              ; |cpu|alu:inst2|74181:inst|9                                                                              ; out0             ;
; |cpu|alu:inst2|74181:inst|8                                                                              ; |cpu|alu:inst2|74181:inst|8                                                                              ; out0             ;
; |cpu|alu:inst2|74181:inst|6                                                                              ; |cpu|alu:inst2|74181:inst|6                                                                              ; out0             ;
; |cpu|alu:inst2|74181:inst|52                                                                             ; |cpu|alu:inst2|74181:inst|52                                                                             ; out0             ;
; |cpu|alu:inst2|74181:inst|24                                                                             ; |cpu|alu:inst2|74181:inst|24                                                                             ; out0             ;
; |cpu|alu:inst2|74181:inst|23                                                                             ; |cpu|alu:inst2|74181:inst|23                                                                             ; out0             ;
; |cpu|alu:inst2|74181:inst|21                                                                             ; |cpu|alu:inst2|74181:inst|21                                                                             ; out0             ;
; |cpu|alu:inst2|74181:inst|48                                                                             ; |cpu|alu:inst2|74181:inst|48                                                                             ; out0             ;
; |cpu|alu:inst2|74181:inst|19                                                                             ; |cpu|alu:inst2|74181:inst|19                                                                             ; out0             ;
; |cpu|alu:inst2|74181:inst|18                                                                             ; |cpu|alu:inst2|74181:inst|18                                                                             ; out0             ;
; |cpu|alu:inst2|74181:inst|16                                                                             ; |cpu|alu:inst2|74181:inst|16                                                                             ; out0             ;
; |cpu|alu:inst2|74181:inst7|13                                                                            ; |cpu|alu:inst2|74181:inst7|13                                                                            ; out0             ;
; |cpu|alu:inst2|74181:inst7|8                                                                             ; |cpu|alu:inst2|74181:inst7|8                                                                             ; out0             ;
; |cpu|alu:inst2|74181:inst7|52                                                                            ; |cpu|alu:inst2|74181:inst7|52                                                                            ; out0             ;
; |cpu|alu:inst2|74181:inst7|24                                                                            ; |cpu|alu:inst2|74181:inst7|24                                                                            ; out0             ;
; |cpu|alu:inst2|74181:inst7|23                                                                            ; |cpu|alu:inst2|74181:inst7|23                                                                            ; out0             ;
; |cpu|alu:inst2|74181:inst7|21                                                                            ; |cpu|alu:inst2|74181:inst7|21                                                                            ; out0             ;
; |cpu|alu:inst2|74181:inst7|19                                                                            ; |cpu|alu:inst2|74181:inst7|19                                                                            ; out0             ;
; |cpu|alu:inst2|74181:inst7|16                                                                            ; |cpu|alu:inst2|74181:inst7|16                                                                            ; out0             ;
; |cpu|lpm_counter0:inst|lpm_counter:lpm_counter_component|cntr_9ki:auto_generated|counter_comb_bita3      ; |cpu|lpm_counter0:inst|lpm_counter:lpm_counter_component|cntr_9ki:auto_generated|counter_comb_bita3~COUT ; cout             ;
; |cpu|lpm_counter0:inst|lpm_counter:lpm_counter_component|cntr_9ki:auto_generated|counter_comb_bita4      ; |cpu|lpm_counter0:inst|lpm_counter:lpm_counter_component|cntr_9ki:auto_generated|counter_comb_bita4      ; combout          ;
; |cpu|lpm_counter0:inst|lpm_counter:lpm_counter_component|cntr_9ki:auto_generated|counter_comb_bita4      ; |cpu|lpm_counter0:inst|lpm_counter:lpm_counter_component|cntr_9ki:auto_generated|counter_comb_bita4~COUT ; cout             ;
; |cpu|lpm_counter0:inst|lpm_counter:lpm_counter_component|cntr_9ki:auto_generated|counter_comb_bita5      ; |cpu|lpm_counter0:inst|lpm_counter:lpm_counter_component|cntr_9ki:auto_generated|counter_comb_bita5      ; combout          ;
; |cpu|lpm_counter0:inst|lpm_counter:lpm_counter_component|cntr_9ki:auto_generated|counter_comb_bita5      ; |cpu|lpm_counter0:inst|lpm_counter:lpm_counter_component|cntr_9ki:auto_generated|counter_comb_bita5~COUT ; cout             ;
; |cpu|lpm_counter0:inst|lpm_counter:lpm_counter_component|cntr_9ki:auto_generated|counter_comb_bita6      ; |cpu|lpm_counter0:inst|lpm_counter:lpm_counter_component|cntr_9ki:auto_generated|counter_comb_bita6      ; combout          ;
; |cpu|lpm_counter0:inst|lpm_counter:lpm_counter_component|cntr_9ki:auto_generated|counter_comb_bita6      ; |cpu|lpm_counter0:inst|lpm_counter:lpm_counter_component|cntr_9ki:auto_generated|counter_comb_bita6~COUT ; cout             ;
; |cpu|lpm_counter0:inst|lpm_counter:lpm_counter_component|cntr_9ki:auto_generated|counter_comb_bita7      ; |cpu|lpm_counter0:inst|lpm_counter:lpm_counter_component|cntr_9ki:auto_generated|counter_comb_bita7      ; combout          ;
; |cpu|lpm_counter0:inst|lpm_counter:lpm_counter_component|cntr_9ki:auto_generated|counter_reg_bit1a[7]    ; |cpu|lpm_counter0:inst|lpm_counter:lpm_counter_component|cntr_9ki:auto_generated|safe_q[7]               ; regout           ;
; |cpu|lpm_counter0:inst|lpm_counter:lpm_counter_component|cntr_9ki:auto_generated|counter_reg_bit1a[6]    ; |cpu|lpm_counter0:inst|lpm_counter:lpm_counter_component|cntr_9ki:auto_generated|safe_q[6]               ; regout           ;
; |cpu|lpm_counter0:inst|lpm_counter:lpm_counter_component|cntr_9ki:auto_generated|counter_reg_bit1a[5]    ; |cpu|lpm_counter0:inst|lpm_counter:lpm_counter_component|cntr_9ki:auto_generated|safe_q[5]               ; regout           ;
; |cpu|lpm_counter0:inst|lpm_counter:lpm_counter_component|cntr_9ki:auto_generated|counter_reg_bit1a[4]    ; |cpu|lpm_counter0:inst|lpm_counter:lpm_counter_component|cntr_9ki:auto_generated|safe_q[4]               ; regout           ;
; |cpu|lpm_counter0:inst|lpm_counter:lpm_counter_component|cntr_9ki:auto_generated|counter_reg_bit1a[3]    ; |cpu|lpm_counter0:inst|lpm_counter:lpm_counter_component|cntr_9ki:auto_generated|safe_q[3]               ; regout           ;
; |cpu|rom:inst8|lpm_rom0:inst|altsyncram:altsyncram_component|altsyncram_t971:auto_generated|ram_block1a7 ; |cpu|rom:inst8|lpm_rom0:inst|altsyncram:altsyncram_component|altsyncram_t971:auto_generated|q_a[7]       ; portadataout0    ;
; |cpu|IR:inst13|lpm_ff:lpm_ff_component|dffs[7]                                                           ; |cpu|IR:inst13|lpm_ff:lpm_ff_component|dffs[7]                                                           ; regout           ;
; |cpu|lpm_rom2:inst4|altsyncram:altsyncram_component|altsyncram_ml71:auto_generated|ram_block1a3          ; |cpu|lpm_rom2:inst4|altsyncram:altsyncram_component|altsyncram_ml71:auto_generated|q_a[3]                ; portadataout0    ;
+----------------------------------------------------------------------------------------------------------+----------------------------------------------------------------------------------------------------------+------------------+


+---------------------+
; Simulator INI Usage ;
+--------+------------+
; Option ; Usage      ;
+--------+------------+


+--------------------+
; Simulator Messages ;
+--------------------+
Info: *******************************************************************
Info: Running Quartus II Simulator
    Info: Version 9.1 Build 222 10/21/2009 SJ Web Edition
    Info: Processing started: Fri Apr 24 19:29:15 2026
Info: Command: quartus_sim --read_settings_files=on --write_settings_files=off alu -c alu
Info: Using vector source file "D:/altera/alu/cpu.vwf"
Info: Option to preserve fewer signal transitions to reduce memory requirements is enabled
    Info: Simulation has been partitioned into sub-simulations according to the maximum transition count determined by the engine. Transitions from memory will be flushed out to disk at the end of each sub-simulation to reduce memory requirements.
Info: Simulation partitioned into 1 sub-simulations
Info: Simulation coverage is      67.23 %
Info: Number of transitions in simulation is 1271
Info: Quartus II Simulator was successful. 0 errors, 0 warnings
    Info: Peak virtual memory: 153 megabytes
    Info: Processing ended: Fri Apr 24 19:29:15 2026
    Info: Elapsed time: 00:00:00
    Info: Total CPU time (on all processors): 00:00:00


