Analysis & Synthesis report for alu
Fri Apr 24 19:54:44 2026
Quartus II Version 9.1 Build 222 10/21/2009 SJ Web Edition


---------------------
; Table of Contents ;
---------------------
  1. Legal Notice
  2. Analysis & Synthesis Summary
  3. Analysis & Synthesis Settings
  4. Parallel Compilation
  5. Analysis & Synthesis Source Files Read
  6. Analysis & Synthesis Resource Usage Summary
  7. Analysis & Synthesis Resource Utilization by Entity
  8. Analysis & Synthesis RAM Summary
  9. Registers Removed During Synthesis
 10. General Register Statistics
 11. Source assignments for lpm_rom2:inst4|altsyncram:altsyncram_component|altsyncram_ml71:auto_generated
 12. Source assignments for rom:inst8|lpm_rom0:inst|altsyncram:altsyncram_component|altsyncram_t971:auto_generated
 13. Source assignments for lpm_counter0:inst|lpm_counter:lpm_counter_component
 14. Source assignments for lpm_ram_dp0:inst3|altsyncram:altsyncram_component|altsyncram_4v72:auto_generated
 15. Parameter Settings for User Entity Instance: lpm_rom2:inst4
 16. Parameter Settings for User Entity Instance: lpm_rom2:inst4|altsyncram:altsyncram_component
 17. Parameter Settings for User Entity Instance: IR:inst13|lpm_ff:lpm_ff_component
 18. Parameter Settings for User Entity Instance: rom:inst8|lpm_rom0:inst
 19. Parameter Settings for User Entity Instance: rom:inst8|lpm_rom0:inst|altsyncram:altsyncram_component
 20. Parameter Settings for User Entity Instance: lpm_counter0:inst|lpm_counter:lpm_counter_component
 21. Parameter Settings for User Entity Instance: lpm_ram_dp0:inst3
 22. Parameter Settings for User Entity Instance: lpm_ram_dp0:inst3|altsyncram:altsyncram_component
 23. Parameter Settings for User Entity Instance: DR:inst14|dff1:inst1|lpm_ff:lpm_ff_component
 24. Parameter Settings for User Entity Instance: DR:inst14|dff8:inst|lpm_ff:lpm_ff_component
 25. altsyncram Parameter Settings by Entity Instance
 26. Analysis & Synthesis Messages



----------------
; Legal Notice ;
----------------
Copyright (C) 1991-2009 Altera Corporation
Your use of Altera Corporation's design tools, logic functions 
and other software and tools, and its AMPP partner logic 
functions, and any output files from any of the foregoing 
(including device programming or simulation files), and any 
associated documentation or information are expressly subject 
to the terms and conditions of the Altera Program License 
Subscription Agreement, Altera MegaCore Function License 
Agreement, or other applicable license agreement, including, 
without limitation, that your use is for the sole purpose of 
programming logic devices manufactured by Altera and sold by 
Altera or its authorized distributors.  Please refer to the 
applicable agreement for further details.



+------------------------------------------------------------------------------+
; Analysis & Synthesis Summary                                                 ;
+------------------------------------+-----------------------------------------+
; Analysis & Synthesis Status        ; Successful - Fri Apr 24 19:54:44 2026   ;
; Quartus II Version                 ; 9.1 Build 222 10/21/2009 SJ Web Edition ;
; Revision Name                      ; alu                                     ;
; Top-level Entity Name              ; cpu                                     ;
; Family                             ; Cyclone II                              ;
; Total logic elements               ; 57                                      ;
;     Total combinational functions  ; 45                                      ;
;     Dedicated logic registers      ; 21                                      ;
; Total registers                    ; 21                                      ;
; Total pins                         ; 72                                      ;
; Total virtual pins                 ; 0                                       ;
; Total memory bits                  ; 2,208                                   ;
; Embedded Multiplier 9-bit elements ; 0                                       ;
; Total PLLs                         ; 0                                       ;
+------------------------------------+-----------------------------------------+


+----------------------------------------------------------------------------------------------------------------------+
; Analysis & Synthesis Settings                                                                                        ;
+----------------------------------------------------------------------------+--------------------+--------------------+
; Option                                                                     ; Setting            ; Default Value      ;
+----------------------------------------------------------------------------+--------------------+--------------------+
; Device                                                                     ; EP2C35F672C6       ;                    ;
; Top-level entity name                                                      ; cpu                ; alu                ;
; Family name                                                                ; Cyclone II         ; Stratix II         ;
; Use Generated Physical Constraints File                                    ; Off                ;                    ;
; Use smart compilation                                                      ; Off                ; Off                ;
; Enable parallel Assembler and TimeQuest Timing Analyzer during compilation ; On                 ; On                 ;
; Enable compact report table                                                ; Off                ; Off                ;
; Restructure Multiplexers                                                   ; Auto               ; Auto               ;
; Create Debugging Nodes for IP Cores                                        ; Off                ; Off                ;
; Preserve fewer node names                                                  ; On                 ; On                 ;
; Disable OpenCore Plus hardware evaluation                                  ; Off                ; Off                ;
; Verilog Version                                                            ; Verilog_2001       ; Verilog_2001       ;
; VHDL Version                                                               ; VHDL_1993          ; VHDL_1993          ;
; State Machine Processing                                                   ; Auto               ; Auto               ;
; Safe State Machine                                                         ; Off                ; Off                ;
; Extract Verilog State Machines                                             ; On                 ; On                 ;
; Extract VHDL State Machines                                                ; On                 ; On                 ;
; Ignore Verilog initial constructs                                          ; Off                ; Off                ;
; Iteration limit for constant Verilog loops                                 ; 5000               ; 5000               ;
; Iteration limit for non-constant Verilog loops                             ; 250                ; 250                ;
; Add Pass-Through Logic to Inferred RAMs                                    ; On                 ; On                 ;
; Parallel Synthesis                                                         ; On                 ; On                 ;
; DSP Block Balancing                                                        ; Auto               ; Auto               ;
; NOT Gate Push-Back                                                         ; On                 ; On                 ;
; Power-Up Don't Care                                                        ; On                 ; On                 ;
; Remove Redundant Logic Cells                                               ; Off                ; Off                ;
; Remove Duplicate Registers                                                 ; On                 ; On                 ;
; Ignore CARRY Buffers                                                       ; Off                ; Off                ;
; Ignore CASCADE Buffers                                                     ; Off                ; Off                ;
; Ignore GLOBAL Buffers                                                      ; Off                ; Off                ;
; Ignore ROW GLOBAL Buffers                                                  ; Off                ; Off                ;
; Ignore LCELL Buffers                                                       ; Off                ; Off                ;
; Ignore SOFT Buffers                                                        ; On                 ; On                 ;
; Limit AHDL Integers to 32 Bits                                             ; Off                ; Off                ;
; Optimization Technique                                                     ; Balanced           ; Balanced           ;
; Carry Chain Length                                                         ; 70                 ; 70                 ;
; Auto Carry Chains                                                          ; On                 ; On                 ;
; Auto Open-Drain Pins                                                       ; On                 ; On                 ;
; Perform WYSIWYG Primitive Resynthesis                                      ; Off                ; Off                ;
; Auto ROM Replacement                                                       ; On                 ; On                 ;
; Auto RAM Replacement                                                       ; On                 ; On                 ;
; Auto Shift Register Replacement                                            ; Auto               ; Auto               ;
; Auto Clock Enable Replacement                                              ; On                 ; On                 ;
; Strict RAM Replacement                                                     ; Off                ; Off                ;
; Allow Synchronous Control Signals                                          ; On                 ; On                 ;
; Force Use of Synchronous Clear Signals                                     ; Off                ; Off                ;
; Auto RAM to Logic Cell Conversion                                          ; Off                ; Off                ;
; Auto Resource Sharing                                                      ; Off                ; Off                ;
; Allow Any RAM Size For Recognition                                         ; Off                ; Off                ;
; Allow Any ROM Size For Recognition                                         ; Off                ; Off                ;
; Allow Any Shift Register Size For Recognition                              ; Off                ; Off                ;
; Use LogicLock Constraints during Resource Balancing                        ; On                 ; On                 ;
; Ignore translate_off and synthesis_off directives                          ; Off                ; Off                ;
; Timing-Driven Synthesis                                                    ; Off                ; Off                ;
; Show Parameter Settings Tables in Synthesis Report                         ; On                 ; On                 ;
; Ignore Maximum Fan-Out Assignments                                         ; Off                ; Off                ;
; Synchronization Register Chain Length                                      ; 2                  ; 2                  ;
; PowerPlay Power Optimization                                               ; Normal compilation ; Normal compilation ;
; HDL message level                                                          ; Level2             ; Level2             ;
; Suppress Register Optimization Related Messages                            ; Off                ; Off                ;
; Number of Removed Registers Reported in Synthesis Report                   ; 100                ; 100                ;
; Number of Inverted Registers Reported in Synthesis Report                  ; 100                ; 100                ;
; Clock MUX Protection                                                       ; On                 ; On                 ;
; Auto Gated Clock Conversion                                                ; Off                ; Off                ;
; Block Design Naming                                                        ; Auto               ; Auto               ;
; SDC constraint protection                                                  ; Off                ; Off                ;
; Synthesis Effort                                                           ; Auto               ; Auto               ;
; Shift Register Replacement - Allow Asynchronous Clear Signal               ; On                 ; On                 ;
; Analysis & Synthesis Message Level                                         ; Medium             ; Medium             ;
; Disable Register Merging Across Hierarchies                                ; Auto               ; Auto               ;
; Resource Aware Inference For Block RAM                                     ; On                 ; On                 ;
+----------------------------------------------------------------------------+--------------------+--------------------+


Parallel compilation was disabled, but you have multiple processors available. Enable parallel compilation to reduce compilation time.
+-------------------------------------+
; Parallel Compilation                ;
+----------------------------+--------+
; Processors                 ; Number ;
+----------------------------+--------+
; Number detected on machine ; 12     ;
; Maximum allowed            ; 1      ;
+----------------------------+--------+


+--------------------------------------------------------------------------------------------------------------------------------------------------------+
; Analysis & Synthesis Source Files Read                                                                                                                 ;
+----------------------------------+-----------------+------------------------------------+--------------------------------------------------------------+
; File Name with User-Entered Path ; Used in Netlist ; File Type                          ; File Name with Absolute Path                                 ;
+----------------------------------+-----------------+------------------------------------+--------------------------------------------------------------+
; alu.bdf                          ; yes             ; User Block Diagram/Schematic File  ; D:/altera/alu/alu.bdf                                        ;
; cpu.bdf                          ; yes             ; User Block Diagram/Schematic File  ; D:/altera/alu/cpu.bdf                                        ;
; rom.bdf                          ; yes             ; User Block Diagram/Schematic File  ; D:/altera/alu/rom.bdf                                        ;
; control_data.mif                 ; yes             ; User Memory Initialization File    ; D:/altera/alu/control_data.mif                               ;
; FPPG.bdf                         ; yes             ; User Block Diagram/Schematic File  ; D:/altera/alu/FPPG.bdf                                       ;
; DR.bdf                           ; yes             ; User Block Diagram/Schematic File  ; D:/altera/alu/DR.bdf                                         ;
; registerfile.mif                 ; yes             ; User Memory Initialization File    ; D:/altera/alu/registerfile.mif                               ;
; rom_data.mif                     ; yes             ; User Memory Initialization File    ; D:/altera/alu/rom_data.mif                                   ;
; lpm_rom2.tdf                     ; yes             ; Auto-Found Wizard-Generated File   ; D:/altera/alu/lpm_rom2.tdf                                   ;
; altsyncram.inc                   ; yes             ; Auto-Found AHDL File               ; d:/altera/91/quartus/libraries/megafunctions/altsyncram.inc  ;
; altsyncram.tdf                   ; yes             ; Megafunction                       ; d:/altera/91/quartus/libraries/megafunctions/altsyncram.tdf  ;
; db/altsyncram_ml71.tdf           ; yes             ; Auto-Generated Megafunction        ; D:/altera/alu/db/altsyncram_ml71.tdf                         ;
; ir.tdf                           ; yes             ; Auto-Found Wizard-Generated File   ; D:/altera/alu/ir.tdf                                         ;
; lpm_ff.inc                       ; yes             ; Auto-Found AHDL File               ; d:/altera/91/quartus/libraries/megafunctions/lpm_ff.inc      ;
; lpm_ff.tdf                       ; yes             ; Megafunction                       ; d:/altera/91/quartus/libraries/megafunctions/lpm_ff.tdf      ;
; lpm_rom0.tdf                     ; yes             ; Auto-Found Wizard-Generated File   ; D:/altera/alu/lpm_rom0.tdf                                   ;
; db/altsyncram_t971.tdf           ; yes             ; Auto-Generated Megafunction        ; D:/altera/alu/db/altsyncram_t971.tdf                         ;
; lpm_counter0.tdf                 ; yes             ; Auto-Found Wizard-Generated File   ; D:/altera/alu/lpm_counter0.tdf                               ;
; lpm_counter.inc                  ; yes             ; Megafunction                       ; d:/altera/91/quartus/libraries/megafunctions/lpm_counter.inc ;
; lpm_counter.tdf                  ; yes             ; Megafunction                       ; d:/altera/91/quartus/libraries/megafunctions/lpm_counter.tdf ;
; db/cntr_9ki.tdf                  ; yes             ; Auto-Generated Megafunction        ; D:/altera/alu/db/cntr_9ki.tdf                                ;
; 74181.bdf                        ; yes             ; Megafunction                       ; d:/altera/91/quartus/libraries/others/maxplus2/74181.bdf     ;
; lpm_ram_dp0.tdf                  ; yes             ; Auto-Found Wizard-Generated File   ; D:/altera/alu/lpm_ram_dp0.tdf                                ;
; db/altsyncram_4v72.tdf           ; yes             ; Auto-Generated Megafunction        ; D:/altera/alu/db/altsyncram_4v72.tdf                         ;
; dff1.tdf                         ; yes             ; Auto-Found Wizard-Generated File   ; D:/altera/alu/dff1.tdf                                       ;
; dff8.tdf                         ; yes             ; Auto-Found Wizard-Generated File   ; D:/altera/alu/dff8.tdf                                       ;
+----------------------------------+-----------------+------------------------------------+--------------------------------------------------------------+


+-----------------------------------------------------------------+
; Analysis & Synthesis Resource Usage Summary                     ;
+---------------------------------------------+-------------------+
; Resource                                    ; Usage             ;
+---------------------------------------------+-------------------+
; Estimated Total logic elements              ; 57                ;
;                                             ;                   ;
; Total combinational functions               ; 45                ;
; Logic element usage by number of LUT inputs ;                   ;
;     -- 4 input functions                    ; 26                ;
;     -- 3 input functions                    ; 9                 ;
;     -- <=2 input functions                  ; 10                ;
;                                             ;                   ;
; Logic elements by mode                      ;                   ;
;     -- normal mode                          ; 38                ;
;     -- arithmetic mode                      ; 7                 ;
;                                             ;                   ;
; Total registers                             ; 21                ;
;     -- Dedicated logic registers            ; 21                ;
;     -- I/O registers                        ; 0                 ;
;                                             ;                   ;
; I/O pins                                    ; 72                ;
; Total memory bits                           ; 2208              ;
; Maximum fan-out node                        ; FPPG:inst15|inst4 ;
; Maximum fan-out                             ; 27                ;
; Total fan-out                               ; 434               ;
; Average fan-out                             ; 2.68              ;
+---------------------------------------------+-------------------+


+-----------------------------------------------------------------------------------------------------------------------------------------------------------------------------------------------------------------------------------------------------------------------+
; Analysis & Synthesis Resource Utilization by Entity                                                                                                                                                                                                                   ;
+----------------------------------------------+-------------------+--------------+-------------+--------------+---------+-----------+------+--------------+---------------------------------------------------------------------------------------------+--------------+
; Compilation Hierarchy Node                   ; LC Combinationals ; LC Registers ; Memory Bits ; DSP Elements ; DSP 9x9 ; DSP 18x18 ; Pins ; Virtual Pins ; Full Hierarchy Name                                                                         ; Library Name ;
+----------------------------------------------+-------------------+--------------+-------------+--------------+---------+-----------+------+--------------+---------------------------------------------------------------------------------------------+--------------+
; |cpu                                         ; 45 (1)            ; 21 (0)       ; 2208        ; 0            ; 0       ; 0         ; 72   ; 0            ; |cpu                                                                                        ; work         ;
;    |FPPG:inst15|                             ; 2 (2)             ; 5 (5)        ; 0           ; 0            ; 0       ; 0         ; 0    ; 0            ; |cpu|FPPG:inst15                                                                            ;              ;
;    |IR:inst13|                               ; 0 (0)             ; 8 (0)        ; 0           ; 0            ; 0       ; 0         ; 0    ; 0            ; |cpu|IR:inst13                                                                              ;              ;
;       |lpm_ff:lpm_ff_component|              ; 0 (0)             ; 8 (8)        ; 0           ; 0            ; 0       ; 0         ; 0    ; 0            ; |cpu|IR:inst13|lpm_ff:lpm_ff_component                                                      ;              ;
;    |alu:inst2|                               ; 34 (0)            ; 0 (0)        ; 0           ; 0            ; 0       ; 0         ; 0    ; 0            ; |cpu|alu:inst2                                                                              ; work         ;
;       |74181:inst7|                          ; 18 (18)           ; 0 (0)        ; 0           ; 0            ; 0       ; 0         ; 0    ; 0            ; |cpu|alu:inst2|74181:inst7                                                                  ; work         ;
;       |74181:inst|                           ; 16 (16)           ; 0 (0)        ; 0           ; 0            ; 0       ; 0         ; 0    ; 0            ; |cpu|alu:inst2|74181:inst                                                                   ; work         ;
;    |lpm_counter0:inst|                       ; 8 (0)             ; 8 (0)        ; 0           ; 0            ; 0       ; 0         ; 0    ; 0            ; |cpu|lpm_counter0:inst                                                                      ;              ;
;       |lpm_counter:lpm_counter_component|    ; 8 (0)             ; 8 (0)        ; 0           ; 0            ; 0       ; 0         ; 0    ; 0            ; |cpu|lpm_counter0:inst|lpm_counter:lpm_counter_component                                    ;              ;
;          |cntr_9ki:auto_generated|           ; 8 (8)             ; 8 (8)        ; 0           ; 0            ; 0       ; 0         ; 0    ; 0            ; |cpu|lpm_counter0:inst|lpm_counter:lpm_counter_component|cntr_9ki:auto_generated            ; work         ;
;    |lpm_ram_dp0:inst3|                       ; 0 (0)             ; 0 (0)        ; 32          ; 0            ; 0       ; 0         ; 0    ; 0            ; |cpu|lpm_ram_dp0:inst3                                                                      ;              ;
;       |altsyncram:altsyncram_component|      ; 0 (0)             ; 0 (0)        ; 32          ; 0            ; 0       ; 0         ; 0    ; 0            ; |cpu|lpm_ram_dp0:inst3|altsyncram:altsyncram_component                                      ;              ;
;          |altsyncram_4v72:auto_generated|    ; 0 (0)             ; 0 (0)        ; 32          ; 0            ; 0       ; 0         ; 0    ; 0            ; |cpu|lpm_ram_dp0:inst3|altsyncram:altsyncram_component|altsyncram_4v72:auto_generated       ;              ;
;    |lpm_rom2:inst4|                          ; 0 (0)             ; 0 (0)        ; 128         ; 0            ; 0       ; 0         ; 0    ; 0            ; |cpu|lpm_rom2:inst4                                                                         ;              ;
;       |altsyncram:altsyncram_component|      ; 0 (0)             ; 0 (0)        ; 128         ; 0            ; 0       ; 0         ; 0    ; 0            ; |cpu|lpm_rom2:inst4|altsyncram:altsyncram_component                                         ;              ;
;          |altsyncram_ml71:auto_generated|    ; 0 (0)             ; 0 (0)        ; 128         ; 0            ; 0       ; 0         ; 0    ; 0            ; |cpu|lpm_rom2:inst4|altsyncram:altsyncram_component|altsyncram_ml71:auto_generated          ;              ;
;    |rom:inst8|                               ; 0 (0)             ; 0 (0)        ; 2048        ; 0            ; 0       ; 0         ; 0    ; 0            ; |cpu|rom:inst8                                                                              ;              ;
;       |lpm_rom0:inst|                        ; 0 (0)             ; 0 (0)        ; 2048        ; 0            ; 0       ; 0         ; 0    ; 0            ; |cpu|rom:inst8|lpm_rom0:inst                                                                ;              ;
;          |altsyncram:altsyncram_component|   ; 0 (0)             ; 0 (0)        ; 2048        ; 0            ; 0       ; 0         ; 0    ; 0            ; |cpu|rom:inst8|lpm_rom0:inst|altsyncram:altsyncram_component                                ;              ;
;             |altsyncram_t971:auto_generated| ; 0 (0)             ; 0 (0)        ; 2048        ; 0            ; 0       ; 0         ; 0    ; 0            ; |cpu|rom:inst8|lpm_rom0:inst|altsyncram:altsyncram_component|altsyncram_t971:auto_generated ;              ;
+----------------------------------------------+-------------------+--------------+-------------+--------------+---------+-----------+------+--------------+---------------------------------------------------------------------------------------------+--------------+
Note: For table entries with two numbers listed, the numbers in parentheses indicate the number of resources of the given type used by the specific entity alone. The numbers listed outside of parentheses indicate the total resources of the given type used by the specific entity and all of its sub-entities in the hierarchy.


+-----------------------------------------------------------------------------------------------------------------------------------------------------------------------------------------------------------------+
; Analysis & Synthesis RAM Summary                                                                                                                                                                                ;
+---------------------------------------------------------------------------------------------------+------+----------------+--------------+--------------+--------------+--------------+------+------------------+
; Name                                                                                              ; Type ; Mode           ; Port A Depth ; Port A Width ; Port B Depth ; Port B Width ; Size ; MIF              ;
+---------------------------------------------------------------------------------------------------+------+----------------+--------------+--------------+--------------+--------------+------+------------------+
; lpm_ram_dp0:inst3|altsyncram:altsyncram_component|altsyncram_4v72:auto_generated|ALTSYNCRAM       ; AUTO ; True Dual Port ; 4            ; 8            ; 4            ; 8            ; 32   ; registerfile.mif ;
; lpm_rom2:inst4|altsyncram:altsyncram_component|altsyncram_ml71:auto_generated|ALTSYNCRAM          ; AUTO ; ROM            ; 16           ; 8            ; --           ; --           ; 128  ; control_data.mif ;
; rom:inst8|lpm_rom0:inst|altsyncram:altsyncram_component|altsyncram_t971:auto_generated|ALTSYNCRAM ; AUTO ; ROM            ; 256          ; 8            ; --           ; --           ; 2048 ; rom_data.mif     ;
+---------------------------------------------------------------------------------------------------+------+----------------+--------------+--------------+--------------+--------------+------+------------------+


+------------------------------------------------------------------------------------------------+
; Registers Removed During Synthesis                                                             ;
+--------------------------------------------------------+---------------------------------------+
; Register name                                          ; Reason for Removal                    ;
+--------------------------------------------------------+---------------------------------------+
; DR:inst14|dff8:inst|lpm_ff:lpm_ff_component|dffs[0..7] ; Stuck at GND due to stuck port sclear ;
; Total Number of Removed Registers = 8                  ;                                       ;
+--------------------------------------------------------+---------------------------------------+


+------------------------------------------------------+
; General Register Statistics                          ;
+----------------------------------------------+-------+
; Statistic                                    ; Value ;
+----------------------------------------------+-------+
; Total registers                              ; 21    ;
; Number of registers using Synchronous Clear  ; 0     ;
; Number of registers using Synchronous Load   ; 8     ;
; Number of registers using Asynchronous Clear ; 5     ;
; Number of registers using Asynchronous Load  ; 0     ;
; Number of registers using Clock Enable       ; 0     ;
; Number of registers using Preset             ; 0     ;
+----------------------------------------------+-------+


+------------------------------------------------------------------------------------------------------+
; Source assignments for lpm_rom2:inst4|altsyncram:altsyncram_component|altsyncram_ml71:auto_generated ;
+---------------------------------+--------------------+------+----------------------------------------+
; Assignment                      ; Value              ; From ; To                                     ;
+---------------------------------+--------------------+------+----------------------------------------+
; OPTIMIZE_POWER_DURING_SYNTHESIS ; NORMAL_COMPILATION ; -    ; -                                      ;
+---------------------------------+--------------------+------+----------------------------------------+


+---------------------------------------------------------------------------------------------------------------+
; Source assignments for rom:inst8|lpm_rom0:inst|altsyncram:altsyncram_component|altsyncram_t971:auto_generated ;
+---------------------------------+--------------------+------+-------------------------------------------------+
; Assignment                      ; Value              ; From ; To                                              ;
+---------------------------------+--------------------+------+-------------------------------------------------+
; OPTIMIZE_POWER_DURING_SYNTHESIS ; NORMAL_COMPILATION ; -    ; -                                               ;
+---------------------------------+--------------------+------+-------------------------------------------------+


+----------------------------------------------------------------------------+
; Source assignments for lpm_counter0:inst|lpm_counter:lpm_counter_component ;
+---------------------------+-------+------+---------------------------------+
; Assignment                ; Value ; From ; To                              ;
+---------------------------+-------+------+---------------------------------+
; SUPPRESS_DA_RULE_INTERNAL ; a101  ; -    ; -                               ;
; SUPPRESS_DA_RULE_INTERNAL ; s102  ; -    ; -                               ;
; SUPPRESS_DA_RULE_INTERNAL ; s103  ; -    ; -                               ;
+---------------------------+-------+------+---------------------------------+


+---------------------------------------------------------------------------------------------------------+
; Source assignments for lpm_ram_dp0:inst3|altsyncram:altsyncram_component|altsyncram_4v72:auto_generated ;
+---------------------------------+--------------------+------+-------------------------------------------+
; Assignment                      ; Value              ; From ; To                                        ;
+---------------------------------+--------------------+------+-------------------------------------------+
; OPTIMIZE_POWER_DURING_SYNTHESIS ; NORMAL_COMPILATION ; -    ; -                                         ;
+---------------------------------+--------------------+------+-------------------------------------------+


+-------------------------------------------------------------+
; Parameter Settings for User Entity Instance: lpm_rom2:inst4 ;
+-----------------+-------+-----------------------------------+
; Parameter Name  ; Value ; Type                              ;
+-----------------+-------+-----------------------------------+
; WIDTH_BYTEENA_A ; 1     ; Untyped                           ;
; WIDTH_BYTEENA_B ; 1     ; Untyped                           ;
+-----------------+-------+-----------------------------------+
Note: In order to hide this table in the UI and the text report file, please set the "Show Parameter Settings Tables in Synthesis Report" option in "Analysis and Synthesis Settings -> More Settings" to "Off".


+---------------------------------------------------------------------------------------------+
; Parameter Settings for User Entity Instance: lpm_rom2:inst4|altsyncram:altsyncram_component ;
+------------------------------------+----------------------+---------------------------------+
; Parameter Name                     ; Value                ; Type                            ;
+------------------------------------+----------------------+---------------------------------+
; BYTE_SIZE_BLOCK                    ; 8                    ; Untyped                         ;
; AUTO_CARRY_CHAINS                  ; ON                   ; AUTO_CARRY                      ;
; IGNORE_CARRY_BUFFERS               ; OFF                  ; IGNORE_CARRY                    ;
; AUTO_CASCADE_CHAINS                ; ON                   ; AUTO_CASCADE                    ;
; IGNORE_CASCADE_BUFFERS             ; OFF                  ; IGNORE_CASCADE                  ;
; WIDTH_BYTEENA                      ; 1                    ; Untyped                         ;
; OPERATION_MODE                     ; ROM                  ; Untyped                         ;
; WIDTH_A                            ; 8                    ; Untyped                         ;
; WIDTHAD_A                          ; 4                    ; Untyped                         ;
; NUMWORDS_A                         ; 16                   ; Untyped                         ;
; OUTDATA_REG_A                      ; CLOCK0               ; Untyped                         ;
; ADDRESS_ACLR_A                     ; NONE                 ; Untyped                         ;
; OUTDATA_ACLR_A                     ; NONE                 ; Untyped                         ;
; WRCONTROL_ACLR_A                   ; NONE                 ; Untyped                         ;
; INDATA_ACLR_A                      ; NONE                 ; Untyped                         ;
; BYTEENA_ACLR_A                     ; NONE                 ; Untyped                         ;
; WIDTH_B                            ; 1                    ; Untyped                         ;
; WIDTHAD_B                          ; 1                    ; Untyped                         ;
; NUMWORDS_B                         ; 1                    ; Untyped                         ;
; INDATA_REG_B                       ; CLOCK1               ; Untyped                         ;
; WRCONTROL_WRADDRESS_REG_B          ; CLOCK1               ; Untyped                         ;
; RDCONTROL_REG_B                    ; CLOCK1               ; Untyped                         ;
; ADDRESS_REG_B                      ; CLOCK1               ; Untyped                         ;
; OUTDATA_REG_B                      ; UNREGISTERED         ; Untyped                         ;
; BYTEENA_REG_B                      ; CLOCK1               ; Untyped                         ;
; INDATA_ACLR_B                      ; NONE                 ; Untyped                         ;
; WRCONTROL_ACLR_B                   ; NONE                 ; Untyped                         ;
; ADDRESS_ACLR_B                     ; NONE                 ; Untyped                         ;
; OUTDATA_ACLR_B                     ; NONE                 ; Untyped                         ;
; RDCONTROL_ACLR_B                   ; NONE                 ; Untyped                         ;
; BYTEENA_ACLR_B                     ; NONE                 ; Untyped                         ;
; WIDTH_BYTEENA_A                    ; 1                    ; Untyped                         ;
; WIDTH_BYTEENA_B                    ; 1                    ; Untyped                         ;
; RAM_BLOCK_TYPE                     ; AUTO                 ; Untyped                         ;
; BYTE_SIZE                          ; 8                    ; Untyped                         ;
; READ_DURING_WRITE_MODE_MIXED_PORTS ; DONT_CARE            ; Untyped                         ;
; READ_DURING_WRITE_MODE_PORT_A      ; NEW_DATA_NO_NBE_READ ; Untyped                         ;
; READ_DURING_WRITE_MODE_PORT_B      ; NEW_DATA_NO_NBE_READ ; Untyped                         ;
; INIT_FILE                          ; control_data.mif     ; Untyped                         ;
; INIT_FILE_LAYOUT                   ; PORT_A               ; Untyped                         ;
; MAXIMUM_DEPTH                      ; 0                    ; Untyped                         ;
; CLOCK_ENABLE_INPUT_A               ; BYPASS               ; Untyped                         ;
; CLOCK_ENABLE_INPUT_B               ; NORMAL               ; Untyped                         ;
; CLOCK_ENABLE_OUTPUT_A              ; BYPASS               ; Untyped                         ;
; CLOCK_ENABLE_OUTPUT_B              ; NORMAL               ; Untyped                         ;
; CLOCK_ENABLE_CORE_A                ; USE_INPUT_CLKEN      ; Untyped                         ;
; CLOCK_ENABLE_CORE_B                ; USE_INPUT_CLKEN      ; Untyped                         ;
; ENABLE_ECC                         ; FALSE                ; Untyped                         ;
; DEVICE_FAMILY                      ; Cyclone II           ; Untyped                         ;
; CBXI_PARAMETER                     ; altsyncram_ml71      ; Untyped                         ;
+------------------------------------+----------------------+---------------------------------+
Note: In order to hide this table in the UI and the text report file, please set the "Show Parameter Settings Tables in Synthesis Report" option in "Analysis and Synthesis Settings -> More Settings" to "Off".


+--------------------------------------------------------------------------------+
; Parameter Settings for User Entity Instance: IR:inst13|lpm_ff:lpm_ff_component ;
+------------------------+------------+------------------------------------------+
; Parameter Name         ; Value      ; Type                                     ;
+------------------------+------------+------------------------------------------+
; LPM_WIDTH              ; 8          ; Untyped                                  ;
; LPM_AVALUE             ; UNUSED     ; Untyped                                  ;
; LPM_SVALUE             ; UNUSED     ; Untyped                                  ;
; LPM_FFTYPE             ; DFF        ; Untyped                                  ;
; DEVICE_FAMILY          ; Cyclone II ; Untyped                                  ;
; CBXI_PARAMETER         ; NOTHING    ; Untyped                                  ;
; AUTO_CARRY_CHAINS      ; ON         ; AUTO_CARRY                               ;
; IGNORE_CARRY_BUFFERS   ; OFF        ; IGNORE_CARRY                             ;
; AUTO_CASCADE_CHAINS    ; ON         ; AUTO_CASCADE                             ;
; IGNORE_CASCADE_BUFFERS ; OFF        ; IGNORE_CASCADE                           ;
+------------------------+------------+------------------------------------------+
Note: In order to hide this table in the UI and the text report file, please set the "Show Parameter Settings Tables in Synthesis Report" option in "Analysis and Synthesis Settings -> More Settings" to "Off".


+----------------------------------------------------------------------+
; Parameter Settings for User Entity Instance: rom:inst8|lpm_rom0:inst ;
+-----------------+-------+--------------------------------------------+
; Parameter Name  ; Value ; Type                                       ;
+-----------------+-------+--------------------------------------------+
; WIDTH_BYTEENA_A ; 1     ; Untyped                                    ;
; WIDTH_BYTEENA_B ; 1     ; Untyped                                    ;
+-----------------+-------+--------------------------------------------+
Note: In order to hide this table in the UI and the text report file, please set the "Show Parameter Settings Tables in Synthesis Report" option in "Analysis and Synthesis Settings -> More Settings" to "Off".


+------------------------------------------------------------------------------------------------------+
; Parameter Settings for User Entity Instance: rom:inst8|lpm_rom0:inst|altsyncram:altsyncram_component ;
+------------------------------------+----------------------+------------------------------------------+
; Parameter Name                     ; Value                ; Type                                     ;
+------------------------------------+----------------------+------------------------------------------+
; BYTE_SIZE_BLOCK                    ; 8                    ; Untyped                                  ;
; AUTO_CARRY_CHAINS                  ; ON                   ; AUTO_CARRY                               ;
; IGNORE_CARRY_BUFFERS               ; OFF                  ; IGNORE_CARRY                             ;
; AUTO_CASCADE_CHAINS                ; ON                   ; AUTO_CASCADE                             ;
; IGNORE_CASCADE_BUFFERS             ; OFF                  ; IGNORE_CASCADE                           ;
; WIDTH_BYTEENA                      ; 1                    ; Untyped                                  ;
; OPERATION_MODE                     ; ROM                  ; Untyped                                  ;
; WIDTH_A                            ; 8                    ; Untyped                                  ;
; WIDTHAD_A                          ; 8                    ; Untyped                                  ;
; NUMWORDS_A                         ; 256                  ; Untyped                                  ;
; OUTDATA_REG_A                      ; CLOCK0               ; Untyped                                  ;
; ADDRESS_ACLR_A                     ; NONE                 ; Untyped                                  ;
; OUTDATA_ACLR_A                     ; NONE                 ; Untyped                                  ;
; WRCONTROL_ACLR_A                   ; NONE                 ; Untyped                                  ;
; INDATA_ACLR_A                      ; NONE                 ; Untyped                                  ;
; BYTEENA_ACLR_A                     ; NONE                 ; Untyped                                  ;
; WIDTH_B                            ; 1                    ; Untyped                                  ;
; WIDTHAD_B                          ; 1                    ; Untyped                                  ;
; NUMWORDS_B                         ; 1                    ; Untyped                                  ;
; INDATA_REG_B                       ; CLOCK1               ; Untyped                                  ;
; WRCONTROL_WRADDRESS_REG_B          ; CLOCK1               ; Untyped                                  ;
; RDCONTROL_REG_B                    ; CLOCK1               ; Untyped                                  ;
; ADDRESS_REG_B                      ; CLOCK1               ; Untyped                                  ;
; OUTDATA_REG_B                      ; UNREGISTERED         ; Untyped                                  ;
; BYTEENA_REG_B                      ; CLOCK1               ; Untyped                                  ;
; INDATA_ACLR_B                      ; NONE                 ; Untyped                                  ;
; WRCONTROL_ACLR_B                   ; NONE                 ; Untyped                                  ;
; ADDRESS_ACLR_B                     ; NONE                 ; Untyped                                  ;
; OUTDATA_ACLR_B                     ; NONE                 ; Untyped                                  ;
; RDCONTROL_ACLR_B                   ; NONE                 ; Untyped                                  ;
; BYTEENA_ACLR_B                     ; NONE                 ; Untyped                                  ;
; WIDTH_BYTEENA_A                    ; 1                    ; Untyped                                  ;
; WIDTH_BYTEENA_B                    ; 1                    ; Untyped                                  ;
; RAM_BLOCK_TYPE                     ; AUTO                 ; Untyped                                  ;
; BYTE_SIZE                          ; 8                    ; Untyped                                  ;
; READ_DURING_WRITE_MODE_MIXED_PORTS ; DONT_CARE            ; Untyped                                  ;
; READ_DURING_WRITE_MODE_PORT_A      ; NEW_DATA_NO_NBE_READ ; Untyped                                  ;
; READ_DURING_WRITE_MODE_PORT_B      ; NEW_DATA_NO_NBE_READ ; Untyped                                  ;
; INIT_FILE                          ; rom_data.mif         ; Untyped                                  ;
; INIT_FILE_LAYOUT                   ; PORT_A               ; Untyped                                  ;
; MAXIMUM_DEPTH                      ; 0                    ; Untyped                                  ;
; CLOCK_ENABLE_INPUT_A               ; BYPASS               ; Untyped                                  ;
; CLOCK_ENABLE_INPUT_B               ; NORMAL               ; Untyped                                  ;
; CLOCK_ENABLE_OUTPUT_A              ; BYPASS               ; Untyped                                  ;
; CLOCK_ENABLE_OUTPUT_B              ; NORMAL               ; Untyped                                  ;
; CLOCK_ENABLE_CORE_A                ; USE_INPUT_CLKEN      ; Untyped                                  ;
; CLOCK_ENABLE_CORE_B                ; USE_INPUT_CLKEN      ; Untyped                                  ;
; ENABLE_ECC                         ; FALSE                ; Untyped                                  ;
; DEVICE_FAMILY                      ; Cyclone II           ; Untyped                                  ;
; CBXI_PARAMETER                     ; altsyncram_t971      ; Untyped                                  ;
+------------------------------------+----------------------+------------------------------------------+
Note: In order to hide this table in the UI and the text report file, please set the "Show Parameter Settings Tables in Synthesis Report" option in "Analysis and Synthesis Settings -> More Settings" to "Off".


+--------------------------------------------------------------------------------------------------+
; Parameter Settings for User Entity Instance: lpm_counter0:inst|lpm_counter:lpm_counter_component ;
+------------------------+-------------+-----------------------------------------------------------+
; Parameter Name         ; Value       ; Type                                                      ;
+------------------------+-------------+-----------------------------------------------------------+
; AUTO_CARRY_CHAINS      ; ON          ; AUTO_CARRY                                                ;
; IGNORE_CARRY_BUFFERS   ; OFF         ; IGNORE_CARRY                                              ;
; AUTO_CASCADE_CHAINS    ; ON          ; AUTO_CASCADE                                              ;
; IGNORE_CASCADE_BUFFERS ; OFF         ; IGNORE_CASCADE                                            ;
; LPM_WIDTH              ; 8           ; Untyped                                                   ;
; LPM_DIRECTION          ; UP          ; Untyped                                                   ;
; LPM_MODULUS            ; 0           ; Untyped                                                   ;
; LPM_AVALUE             ; UNUSED      ; Untyped                                                   ;
; LPM_SVALUE             ; UNUSED      ; Untyped                                                   ;
; LPM_PORT_UPDOWN        ; PORT_UNUSED ; Untyped                                                   ;
; DEVICE_FAMILY          ; Cyclone II  ; Untyped                                                   ;
; CARRY_CHAIN            ; MANUAL      ; Untyped                                                   ;
; CARRY_CHAIN_LENGTH     ; 48          ; CARRY_CHAIN_LENGTH                                        ;
; NOT_GATE_PUSH_BACK     ; ON          ; NOT_GATE_PUSH_BACK                                        ;
; CARRY_CNT_EN           ; SMART       ; Untyped                                                   ;
; LABWIDE_SCLR           ; ON          ; Untyped                                                   ;
; USE_NEW_VERSION        ; TRUE        ; Untyped                                                   ;
; CBXI_PARAMETER         ; cntr_9ki    ; Untyped                                                   ;
+------------------------+-------------+-----------------------------------------------------------+
Note: In order to hide this table in the UI and the text report file, please set the "Show Parameter Settings Tables in Synthesis Report" option in "Analysis and Synthesis Settings -> More Settings" to "Off".


+----------------------------------------------------------------+
; Parameter Settings for User Entity Instance: lpm_ram_dp0:inst3 ;
+-----------------+-------+--------------------------------------+
; Parameter Name  ; Value ; Type                                 ;
+-----------------+-------+--------------------------------------+
; WIDTH_BYTEENA_A ; 1     ; Untyped                              ;
; WIDTH_BYTEENA_B ; 1     ; Untyped                              ;
+-----------------+-------+--------------------------------------+
Note: In order to hide this table in the UI and the text report file, please set the "Show Parameter Settings Tables in Synthesis Report" option in "Analysis and Synthesis Settings -> More Settings" to "Off".


+------------------------------------------------------------------------------------------------+
; Parameter Settings for User Entity Instance: lpm_ram_dp0:inst3|altsyncram:altsyncram_component ;
+------------------------------------+----------------------+------------------------------------+
; Parameter Name                     ; Value                ; Type                               ;
+------------------------------------+----------------------+------------------------------------+
; BYTE_SIZE_BLOCK                    ; 8                    ; Untyped                            ;
; AUTO_CARRY_CHAINS                  ; ON                   ; AUTO_CARRY                         ;
; IGNORE_CARRY_BUFFERS               ; OFF                  ; IGNORE_CARRY                       ;
; AUTO_CASCADE_CHAINS                ; ON                   ; AUTO_CASCADE                       ;
; IGNORE_CASCADE_BUFFERS             ; OFF                  ; IGNORE_CASCADE                     ;
; WIDTH_BYTEENA                      ; 1                    ; Untyped                            ;
; OPERATION_MODE                     ; BIDIR_DUAL_PORT      ; Untyped                            ;
; WIDTH_A                            ; 8                    ; Untyped                            ;
; WIDTHAD_A                          ; 2                    ; Untyped                            ;
; NUMWORDS_A                         ; 4                    ; Untyped                            ;
; OUTDATA_REG_A                      ; CLOCK0               ; Untyped                            ;
; ADDRESS_ACLR_A                     ; NONE                 ; Untyped                            ;
; OUTDATA_ACLR_A                     ; NONE                 ; Untyped                            ;
; WRCONTROL_ACLR_A                   ; NONE                 ; Untyped                            ;
; INDATA_ACLR_A                      ; NONE                 ; Untyped                            ;
; BYTEENA_ACLR_A                     ; NONE                 ; Untyped                            ;
; WIDTH_B                            ; 8                    ; Untyped                            ;
; WIDTHAD_B                          ; 2                    ; Untyped                            ;
; NUMWORDS_B                         ; 4                    ; Untyped                            ;
; INDATA_REG_B                       ; CLOCK0               ; Untyped                            ;
; WRCONTROL_WRADDRESS_REG_B          ; CLOCK0               ; Untyped                            ;
; RDCONTROL_REG_B                    ; CLOCK1               ; Untyped                            ;
; ADDRESS_REG_B                      ; CLOCK0               ; Untyped                            ;
; OUTDATA_REG_B                      ; CLOCK0               ; Untyped                            ;
; BYTEENA_REG_B                      ; CLOCK1               ; Untyped                            ;
; INDATA_ACLR_B                      ; NONE                 ; Untyped                            ;
; WRCONTROL_ACLR_B                   ; NONE                 ; Untyped                            ;
; ADDRESS_ACLR_B                     ; NONE                 ; Untyped                            ;
; OUTDATA_ACLR_B                     ; NONE                 ; Untyped                            ;
; RDCONTROL_ACLR_B                   ; NONE                 ; Untyped                            ;
; BYTEENA_ACLR_B                     ; NONE                 ; Untyped                            ;
; WIDTH_BYTEENA_A                    ; 1                    ; Untyped                            ;
; WIDTH_BYTEENA_B                    ; 1                    ; Untyped                            ;
; RAM_BLOCK_TYPE                     ; AUTO                 ; Untyped                            ;
; BYTE_SIZE                          ; 8                    ; Untyped                            ;
; READ_DURING_WRITE_MODE_MIXED_PORTS ; DONT_CARE            ; Untyped                            ;
; READ_DURING_WRITE_MODE_PORT_A      ; NEW_DATA_NO_NBE_READ ; Untyped                            ;
; READ_DURING_WRITE_MODE_PORT_B      ; NEW_DATA_NO_NBE_READ ; Untyped                            ;
; INIT_FILE                          ; registerfile.mif     ; Untyped                            ;
; INIT_FILE_LAYOUT                   ; PORT_A               ; Untyped                            ;
; MAXIMUM_DEPTH                      ; 0                    ; Untyped                            ;
; CLOCK_ENABLE_INPUT_A               ; BYPASS               ; Untyped                            ;
; CLOCK_ENABLE_INPUT_B               ; BYPASS               ; Untyped                            ;
; CLOCK_ENABLE_OUTPUT_A              ; BYPASS               ; Untyped                            ;
; CLOCK_ENABLE_OUTPUT_B              ; BYPASS               ; Untyped                            ;
; CLOCK_ENABLE_CORE_A                ; USE_INPUT_CLKEN      ; Untyped                            ;
; CLOCK_ENABLE_CORE_B                ; USE_INPUT_CLKEN      ; Untyped                            ;
; ENABLE_ECC                         ; FALSE                ; Untyped                            ;
; DEVICE_FAMILY                      ; Cyclone II           ; Untyped                            ;
; CBXI_PARAMETER                     ; altsyncram_4v72      ; Untyped                            ;
+------------------------------------+----------------------+------------------------------------+
Note: In order to hide this table in the UI and the text report file, please set the "Show Parameter Settings Tables in Synthesis Report" option in "Analysis and Synthesis Settings -> More Settings" to "Off".


+-------------------------------------------------------------------------------------------+
; Parameter Settings for User Entity Instance: DR:inst14|dff1:inst1|lpm_ff:lpm_ff_component ;
+------------------------+------------+-----------------------------------------------------+
; Parameter Name         ; Value      ; Type                                                ;
+------------------------+------------+-----------------------------------------------------+
; LPM_WIDTH              ; 1          ; Untyped                                             ;
; LPM_AVALUE             ; UNUSED     ; Untyped                                             ;
; LPM_SVALUE             ; UNUSED     ; Untyped                                             ;
; LPM_FFTYPE             ; DFF        ; Untyped                                             ;
; DEVICE_FAMILY          ; Cyclone II ; Untyped                                             ;
; CBXI_PARAMETER         ; NOTHING    ; Untyped                                             ;
; AUTO_CARRY_CHAINS      ; ON         ; AUTO_CARRY                                          ;
; IGNORE_CARRY_BUFFERS   ; OFF        ; IGNORE_CARRY                                        ;
; AUTO_CASCADE_CHAINS    ; ON         ; AUTO_CASCADE                                        ;
; IGNORE_CASCADE_BUFFERS ; OFF        ; IGNORE_CASCADE                                      ;
+------------------------+------------+-----------------------------------------------------+
Note: In order to hide this table in the UI and the text report file, please set the "Show Parameter Settings Tables in Synthesis Report" option in "Analysis and Synthesis Settings -> More Settings" to "Off".


+------------------------------------------------------------------------------------------+
; Parameter Settings for User Entity Instance: DR:inst14|dff8:inst|lpm_ff:lpm_ff_component ;
+------------------------+------------+----------------------------------------------------+
; Parameter Name         ; Value      ; Type                                               ;
+------------------------+------------+----------------------------------------------------+
; LPM_WIDTH              ; 8          ; Untyped                                            ;
; LPM_AVALUE             ; UNUSED     ; Untyped                                            ;
; LPM_SVALUE             ; UNUSED     ; Untyped                                            ;
; LPM_FFTYPE             ; DFF        ; Untyped                                            ;
; DEVICE_FAMILY          ; Cyclone II ; Untyped                                            ;
; CBXI_PARAMETER         ; NOTHING    ; Untyped                                            ;
; AUTO_CARRY_CHAINS      ; ON         ; AUTO_CARRY                                         ;
; IGNORE_CARRY_BUFFERS   ; OFF        ; IGNORE_CARRY                                       ;
; AUTO_CASCADE_CHAINS    ; ON         ; AUTO_CASCADE                                       ;
; IGNORE_CASCADE_BUFFERS ; OFF        ; IGNORE_CASCADE                                     ;
+------------------------+------------+----------------------------------------------------+
Note: In order to hide this table in the UI and the text report file, please set the "Show Parameter Settings Tables in Synthesis Report" option in "Analysis and Synthesis Settings -> More Settings" to "Off".


+-----------------------------------------------------------------------------------------------------+
; altsyncram Parameter Settings by Entity Instance                                                    ;
+-------------------------------------------+---------------------------------------------------------+
; Name                                      ; Value                                                   ;
+-------------------------------------------+---------------------------------------------------------+
; Number of entity instances                ; 3                                                       ;
; Entity Instance                           ; lpm_rom2:inst4|altsyncram:altsyncram_component          ;
;     -- OPERATION_MODE                     ; ROM                                                     ;
;     -- WIDTH_A                            ; 8                                                       ;
;     -- NUMWORDS_A                         ; 16                                                      ;
;     -- OUTDATA_REG_A                      ; CLOCK0                                                  ;
;     -- WIDTH_B                            ; 1                                                       ;
;     -- NUMWORDS_B                         ; 1                                                       ;
;     -- ADDRESS_REG_B                      ; CLOCK1                                                  ;
;     -- OUTDATA_REG_B                      ; UNREGISTERED                                            ;
;     -- RAM_BLOCK_TYPE                     ; AUTO                                                    ;
;     -- READ_DURING_WRITE_MODE_MIXED_PORTS ; DONT_CARE                                               ;
; Entity Instance                           ; rom:inst8|lpm_rom0:inst|altsyncram:altsyncram_component ;
;     -- OPERATION_MODE                     ; ROM                                                     ;
;     -- WIDTH_A                            ; 8                                                       ;
;     -- NUMWORDS_A                         ; 256                                                     ;
;     -- OUTDATA_REG_A                      ; CLOCK0                                                  ;
;     -- WIDTH_B                            ; 1                                                       ;
;     -- NUMWORDS_B                         ; 1                                                       ;
;     -- ADDRESS_REG_B                      ; CLOCK1                                                  ;
;     -- OUTDATA_REG_B                      ; UNREGISTERED                                            ;
;     -- RAM_BLOCK_TYPE                     ; AUTO                                                    ;
;     -- READ_DURING_WRITE_MODE_MIXED_PORTS ; DONT_CARE                                               ;
; Entity Instance                           ; lpm_ram_dp0:inst3|altsyncram:altsyncram_component       ;
;     -- OPERATION_MODE                     ; BIDIR_DUAL_PORT                                         ;
;     -- WIDTH_A                            ; 8                                                       ;
;     -- NUMWORDS_A                         ; 4                                                       ;
;     -- OUTDATA_REG_A                      ; CLOCK0                                                  ;
;     -- WIDTH_B                            ; 8                                                       ;
;     -- NUMWORDS_B                         ; 4                                                       ;
;     -- ADDRESS_REG_B                      ; CLOCK0                                                  ;
;     -- OUTDATA_REG_B                      ; CLOCK0                                                  ;
;     -- RAM_BLOCK_TYPE                     ; AUTO                                                    ;
;     -- READ_DURING_WRITE_MODE_MIXED_PORTS ; DONT_CARE                                               ;
+-------------------------------------------+---------------------------------------------------------+


+-------------------------------+
; Analysis & Synthesis Messages ;
+-------------------------------+
Info: *******************************************************************
Info: Running Quartus II Analysis & Synthesis
    Info: Version 9.1 Build 222 10/21/2009 SJ Web Edition
    Info: Processing started: Fri Apr 24 19:54:43 2026
Info: Command: quartus_map --read_settings_files=on --write_settings_files=off alu -c alu
Info: Found 1 design units, including 1 entities, in source file alu.bdf
    Info: Found entity 1: alu
Info: Found 1 design units, including 1 entities, in source file zero.bdf
    Info: Found entity 1: ZERO
Info: Found 1 design units, including 1 entities, in source file cpu.bdf
    Info: Found entity 1: cpu
Info: Found 1 design units, including 1 entities, in source file rom.bdf
    Info: Found entity 1: rom
Info: Found 1 design units, including 1 entities, in source file counter.bdf
    Info: Found entity 1: counter
Info: Found 1 design units, including 1 entities, in source file fppg.bdf
    Info: Found entity 1: FPPG
Info: Found 1 design units, including 1 entities, in source file register.bdf
    Info: Found entity 1: register
Info: Found 1 design units, including 1 entities, in source file dr.bdf
    Info: Found entity 1: DR
Info: Found 1 design units, including 1 entities, in source file registerfile.bdf
    Info: Found entity 1: registerfile
Info: Found 1 design units, including 1 entities, in source file pc.bdf
    Info: Found entity 1: PC
Info: Found 1 design units, including 1 entities, in source file t_ir.bdf
    Info: Found entity 1: T_IR
Info: Found 1 design units, including 1 entities, in source file decoder.bdf
    Info: Found entity 1: DECODER
Info: Found 1 design units, including 1 entities, in source file dq.bdf
    Info: Found entity 1: DQ
Info: Elaborating entity "cpu" for the top level hierarchy
Info: Elaborating entity "FPPG" for hierarchy "FPPG:inst15"
Warning: Using design file lpm_rom2.tdf, which is not specified as a design file for the current project, but contains definitions for 1 design units and 1 entities in project
    Info: Found entity 1: lpm_rom2
Info: Elaborating entity "lpm_rom2" for hierarchy "lpm_rom2:inst4"
Info: Elaborating entity "altsyncram" for hierarchy "lpm_rom2:inst4|altsyncram:altsyncram_component"
Info: Elaborated megafunction instantiation "lpm_rom2:inst4|altsyncram:altsyncram_component"
Info: Instantiated megafunction "lpm_rom2:inst4|altsyncram:altsyncram_component" with the following parameter:
    Info: Parameter "LPM_TYPE" = "altsyncram"
    Info: Parameter "LPM_HINT" = "ENABLE_RUNTIME_MOD=NO"
    Info: Parameter "INTENDED_DEVICE_FAMILY" = "Cyclone II"
    Info: Parameter "OPERATION_MODE" = "ROM"
    Info: Parameter "WIDTH_A" = "8"
    Info: Parameter "WIDTHAD_A" = "4"
    Info: Parameter "NUMWORDS_A" = "16"
    Info: Parameter "OUTDATA_REG_A" = "CLOCK0"
    Info: Parameter "OUTDATA_ACLR_A" = "NONE"
    Info: Parameter "INIT_FILE" = "control_data.mif"
    Info: Parameter "WIDTH_BYTEENA_A" = "1"
    Info: Parameter "CLOCK_ENABLE_INPUT_A" = "BYPASS"
    Info: Parameter "CLOCK_ENABLE_OUTPUT_A" = "BYPASS"
Info: Found 1 design units, including 1 entities, in source file db/altsyncram_ml71.tdf
    Info: Found entity 1: altsyncram_ml71
Info: Elaborating entity "altsyncram_ml71" for hierarchy "lpm_rom2:inst4|altsyncram:altsyncram_component|altsyncram_ml71:auto_generated"
Warning: Using design file ir.tdf, which is not specified as a design file for the current project, but contains definitions for 1 design units and 1 entities in project
    Info: Found entity 1: IR
Warning (12300): Found the following files while searching for definition of entity "IR", but did not use these files because already using a different file containing the entity definition
    Warning: File: IR.bdf
Info: Elaborating entity "IR" for hierarchy "IR:inst13"
Info: Elaborating entity "lpm_ff" for hierarchy "IR:inst13|lpm_ff:lpm_ff_component"
Info: Elaborated megafunction instantiation "IR:inst13|lpm_ff:lpm_ff_component"
Info: Instantiated megafunction "IR:inst13|lpm_ff:lpm_ff_component" with the following parameter:
    Info: Parameter "LPM_TYPE" = "LPM_FF"
    Info: Parameter "LPM_WIDTH" = "8"
    Info: Parameter "LPM_FFTYPE" = "DFF"
Info: Elaborating entity "rom" for hierarchy "rom:inst8"
Warning: Using design file lpm_rom0.tdf, which is not specified as a design file for the current project, but contains definitions for 1 design units and 1 entities in project
    Info: Found entity 1: lpm_rom0
Info: Elaborating entity "lpm_rom0" for hierarchy "rom:inst8|lpm_rom0:inst"
Info: Elaborating entity "altsyncram" for hierarchy "rom:inst8|lpm_rom0:inst|altsyncram:altsyncram_component"
Info: Elaborated megafunction instantiation "rom:inst8|lpm_rom0:inst|altsyncram:altsyncram_component"
Info: Instantiated megafunction "rom:inst8|lpm_rom0:inst|altsyncram:altsyncram_component" with the following parameter:
    Info: Parameter "LPM_TYPE" = "altsyncram"
    Info: Parameter "LPM_HINT" = "ENABLE_RUNTIME_MOD=NO"
    Info: Parameter "INTENDED_DEVICE_FAMILY" = "Cyclone II"
    Info: Parameter "OPERATION_MODE" = "ROM"
    Info: Parameter "WIDTH_A" = "8"
    Info: Parameter "WIDTHAD_A" = "8"
    Info: Parameter "NUMWORDS_A" = "256"
    Info: Parameter "OUTDATA_REG_A" = "CLOCK0"
    Info: Parameter "OUTDATA_ACLR_A" = "NONE"
    Info: Parameter "INIT_FILE" = "rom_data.mif"
    Info: Parameter "WIDTH_BYTEENA_A" = "1"
    Info: Parameter "CLOCK_ENABLE_INPUT_A" = "BYPASS"
    Info: Parameter "CLOCK_ENABLE_OUTPUT_A" = "BYPASS"
Info: Found 1 design units, including 1 entities, in source file db/altsyncram_t971.tdf
    Info: Found entity 1: altsyncram_t971
Info: Elaborating entity "altsyncram_t971" for hierarchy "rom:inst8|lpm_rom0:inst|altsyncram:altsyncram_component|altsyncram_t971:auto_generated"
Warning: Using design file lpm_counter0.tdf, which is not specified as a design file for the current project, but contains definitions for 1 design units and 1 entities in project
    Info: Found entity 1: lpm_counter0
Info: Elaborating entity "lpm_counter0" for hierarchy "lpm_counter0:inst"
Info: Elaborating entity "lpm_counter" for hierarchy "lpm_counter0:inst|lpm_counter:lpm_counter_component"
Info: Elaborated megafunction instantiation "lpm_counter0:inst|lpm_counter:lpm_counter_component"
Info: Instantiated megafunction "lpm_counter0:inst|lpm_counter:lpm_counter_component" with the following parameter:
    Info: Parameter "LPM_TYPE" = "LPM_COUNTER"
    Info: Parameter "LPM_WIDTH" = "8"
    Info: Parameter "LPM_DIRECTION" = "UP"
    Info: Parameter "LPM_PORT_UPDOWN" = "PORT_UNUSED"
Info: Found 1 design units, including 1 entities, in source file db/cntr_9ki.tdf
    Info: Found entity 1: cntr_9ki
Info: Elaborating entity "cntr_9ki" for hierarchy "lpm_counter0:inst|lpm_counter:lpm_counter_component|cntr_9ki:auto_generated"
Info: Elaborating entity "alu" for hierarchy "alu:inst2"
Info: Elaborating entity "74181" for hierarchy "alu:inst2|74181:inst7"
Info: Elaborated megafunction instantiation "alu:inst2|74181:inst7"
Warning: Using design file lpm_ram_dp0.tdf, which is not specified as a design file for the current project, but contains definitions for 1 design units and 1 entities in project
    Info: Found entity 1: lpm_ram_dp0
Info: Elaborating entity "lpm_ram_dp0" for hierarchy "lpm_ram_dp0:inst3"
Info: Elaborating entity "altsyncram" for hierarchy "lpm_ram_dp0:inst3|altsyncram:altsyncram_component"
Info: Elaborated megafunction instantiation "lpm_ram_dp0:inst3|altsyncram:altsyncram_component"
Info: Instantiated megafunction "lpm_ram_dp0:inst3|altsyncram:altsyncram_component" with the following parameter:
    Info: Parameter "POWER_UP_UNINITIALIZED" = "FALSE"
    Info: Parameter "LPM_TYPE" = "altsyncram"
    Info: Parameter "INTENDED_DEVICE_FAMILY" = "Cyclone II"
    Info: Parameter "OPERATION_MODE" = "BIDIR_DUAL_PORT"
    Info: Parameter "WIDTH_A" = "8"
    Info: Parameter "WIDTHAD_A" = "2"
    Info: Parameter "NUMWORDS_A" = "4"
    Info: Parameter "WIDTH_B" = "8"
    Info: Parameter "WIDTHAD_B" = "2"
    Info: Parameter "NUMWORDS_B" = "4"
    Info: Parameter "INDATA_REG_B" = "CLOCK0"
    Info: Parameter "WRCONTROL_WRADDRESS_REG_B" = "CLOCK0"
    Info: Parameter "OUTDATA_REG_A" = "CLOCK0"
    Info: Parameter "OUTDATA_ACLR_A" = "NONE"
    Info: Parameter "ADDRESS_REG_B" = "CLOCK0"
    Info: Parameter "OUTDATA_REG_B" = "CLOCK0"
    Info: Parameter "OUTDATA_ACLR_B" = "NONE"
    Info: Parameter "INIT_FILE" = "registerfile.mif"
    Info: Parameter "WIDTH_BYTEENA_A" = "1"
    Info: Parameter "WIDTH_BYTEENA_B" = "1"
    Info: Parameter "READ_DURING_WRITE_MODE_MIXED_PORTS" = "DONT_CARE"
    Info: Parameter "CLOCK_ENABLE_INPUT_A" = "BYPASS"
    Info: Parameter "CLOCK_ENABLE_INPUT_B" = "BYPASS"
    Info: Parameter "CLOCK_ENABLE_OUTPUT_A" = "BYPASS"
    Info: Parameter "CLOCK_ENABLE_OUTPUT_B" = "BYPASS"
Info: Found 1 design units, including 1 entities, in source file db/altsyncram_4v72.tdf
    Info: Found entity 1: altsyncram_4v72
Info: Elaborating entity "altsyncram_4v72" for hierarchy "lpm_ram_dp0:inst3|altsyncram:altsyncram_component|altsyncram_4v72:auto_generated"
Info: Elaborating entity "DR" for hierarchy "DR:inst14"
Warning: Using design file dff1.tdf, which is not specified as a design file for the current project, but contains definitions for 1 design units and 1 entities in project
    Info: Found entity 1: dff1
Info: Elaborating entity "dff1" for hierarchy "DR:inst14|dff1:inst1"
Info: Elaborating entity "lpm_ff" for hierarchy "DR:inst14|dff1:inst1|lpm_ff:lpm_ff_component"
Info: Elaborated megafunction instantiation "DR:inst14|dff1:inst1|lpm_ff:lpm_ff_component"
Info: Instantiated megafunction "DR:inst14|dff1:inst1|lpm_ff:lpm_ff_component" with the following parameter:
    Info: Parameter "LPM_TYPE" = "LPM_FF"
    Info: Parameter "LPM_WIDTH" = "1"
    Info: Parameter "LPM_FFTYPE" = "DFF"
Warning: Using design file dff8.tdf, which is not specified as a design file for the current project, but contains definitions for 1 design units and 1 entities in project
    Info: Found entity 1: dff8
Info: Elaborating entity "dff8" for hierarchy "DR:inst14|dff8:inst"
Info: Elaborating entity "lpm_ff" for hierarchy "DR:inst14|dff8:inst|lpm_ff:lpm_ff_component"
Info: Elaborated megafunction instantiation "DR:inst14|dff8:inst|lpm_ff:lpm_ff_component"
Info: Instantiated megafunction "DR:inst14|dff8:inst|lpm_ff:lpm_ff_component" with the following parameter:
    Info: Parameter "LPM_TYPE" = "LPM_FF"
    Info: Parameter "LPM_WIDTH" = "8"
    Info: Parameter "LPM_FFTYPE" = "DFF"
Info: Ignored 30 buffer(s)
    Info: Ignored 30 SOFT buffer(s)
Warning: Output pins are stuck at VCC or GND
    Warning (13410): Pin "OUTPUT[7]" is stuck at GND
    Warning (13410): Pin "OUTPUT[6]" is stuck at GND
    Warning (13410): Pin "OUTPUT[5]" is stuck at GND
    Warning (13410): Pin "OUTPUT[4]" is stuck at GND
    Warning (13410): Pin "OUTPUT[3]" is stuck at GND
    Warning (13410): Pin "OUTPUT[2]" is stuck at GND
    Warning (13410): Pin "OUTPUT[1]" is stuck at GND
    Warning (13410): Pin "OUTPUT[0]" is stuck at GND
Info: Implemented 153 device resources after synthesis - the final resource count might be different
    Info: Implemented 2 input pins
    Info: Implemented 70 output pins
    Info: Implemented 57 logic cells
    Info: Implemented 24 RAM segments
Info: Quartus II Analysis & Synthesis was successful. 0 errors, 18 warnings
    Info: Peak virtual memory: 243 megabytes
    Info: Processing ended: Fri Apr 24 19:54:44 2026
    Info: Elapsed time: 00:00:01
    Info: Total CPU time (on all processors): 00:00:01


