Classic Timing Analyzer report for CPU
Fri Apr 24 20:40:00 2026
Quartus II Version 9.1 Build 222 10/21/2009 SJ Web Edition


---------------------
; Table of Contents ;
---------------------
  1. Legal Notice
  2. Timing Analyzer Summary
  3. Timing Analyzer Settings
  4. Clock Settings Summary
  5. Parallel Compilation
  6. Clock Setup: 'CLK'
  7. tco
  8. Timing Analyzer Messages



----------------
; Legal Notice ;
----------------
Copyright (C) 1991-2009 Altera Corporation
Your use of Altera Corporation's design tools, logic functions 
and other software and tools, and its AMPP partner logic 
functions, and any output files from any of the foregoing 
(including device programming or simulation files), and any 
associated documentation or information are expressly subject 
to the terms and conditions of the Altera Program License 
Subscription Agreement, Altera MegaCore Function License 
Agreement, or other applicable license agreement, including, 
without limitation, that your use is for the sole purpose of 
programming logic devices manufactured by Altera and sold by 
Altera or its authorized distributors.  Please refer to the 
applicable agreement for further details.



+----------------------------------------------------------------------------------------------------------------------------------------------------------------------------------------------------------------------------------------------------------------------------------------------------------------+
; Timing Analyzer Summary                                                                                                                                                                                                                                                                                        ;
+------------------------------+-------+---------------+----------------------------------+---------------------------------------------------------------------------------------+---------------------------------------------------------------------------------------+------------+----------+--------------+
; Type                         ; Slack ; Required Time ; Actual Time                      ; From                                                                                  ; To                                                                                    ; From Clock ; To Clock ; Failed Paths ;
+------------------------------+-------+---------------+----------------------------------+---------------------------------------------------------------------------------------+---------------------------------------------------------------------------------------+------------+----------+--------------+
; Worst-case tco               ; N/A   ; None          ; 7.860 ns                         ; lpm_counter1:inst|lpm_counter:lpm_counter_component|cntr_uui:auto_generated|safe_q[3] ; address[3]                                                                            ; CLK        ; --       ; 0            ;
; Clock Setup: 'CLK'           ; N/A   ; None          ; 347.22 MHz ( period = 2.880 ns ) ; lpm_counter1:inst|lpm_counter:lpm_counter_component|cntr_uui:auto_generated|safe_q[0] ; lpm_counter1:inst|lpm_counter:lpm_counter_component|cntr_uui:auto_generated|safe_q[1] ; CLK        ; CLK      ; 0            ;
; Total number of failed paths ;       ;               ;                                  ;                                                                                       ;                                                                                       ;            ;          ; 0            ;
+------------------------------+-------+---------------+----------------------------------+---------------------------------------------------------------------------------------+---------------------------------------------------------------------------------------+------------+----------+--------------+


+-----------------------------------------------------------------------------------------------------------------------------------------------------+
; Timing Analyzer Settings                                                                                                                            ;
+------------------------------------------------------------------------------------------------------+--------------------+------+----+-------------+
; Option                                                                                               ; Setting            ; From ; To ; Entity Name ;
+------------------------------------------------------------------------------------------------------+--------------------+------+----+-------------+
; Device Name                                                                                          ; EP2C35F672C6       ;      ;    ;             ;
; Timing Models                                                                                        ; Final              ;      ;    ;             ;
; Default hold multicycle                                                                              ; Same as Multicycle ;      ;    ;             ;
; Cut paths between unrelated clock domains                                                            ; On                 ;      ;    ;             ;
; Cut off read during write signal paths                                                               ; On                 ;      ;    ;             ;
; Cut off feedback from I/O pins                                                                       ; On                 ;      ;    ;             ;
; Report Combined Fast/Slow Timing                                                                     ; Off                ;      ;    ;             ;
; Ignore Clock Settings                                                                                ; Off                ;      ;    ;             ;
; Analyze latches as synchronous elements                                                              ; On                 ;      ;    ;             ;
; Enable Recovery/Removal analysis                                                                     ; Off                ;      ;    ;             ;
; Enable Clock Latency                                                                                 ; Off                ;      ;    ;             ;
; Use TimeQuest Timing Analyzer                                                                        ; Off                ;      ;    ;             ;
; Minimum Core Junction Temperature                                                                    ; 0                  ;      ;    ;             ;
; Maximum Core Junction Temperature                                                                    ; 85                 ;      ;    ;             ;
; Number of source nodes to report per destination node                                                ; 10                 ;      ;    ;             ;
; Number of destination nodes to report                                                                ; 10                 ;      ;    ;             ;
; Number of paths to report                                                                            ; 200                ;      ;    ;             ;
; Report Minimum Timing Checks                                                                         ; Off                ;      ;    ;             ;
; Use Fast Timing Models                                                                               ; Off                ;      ;    ;             ;
; Report IO Paths Separately                                                                           ; Off                ;      ;    ;             ;
; Perform Multicorner Analysis                                                                         ; On                 ;      ;    ;             ;
; Reports the worst-case path for each clock domain and analysis                                       ; Off                ;      ;    ;             ;
; Reports worst-case timing paths for each clock domain and analysis                                   ; On                 ;      ;    ;             ;
; Specifies the maximum number of worst-case timing paths to report for each clock domain and analysis ; 100                ;      ;    ;             ;
; Removes common clock path pessimism (CCPP) during slack computation                                  ; Off                ;      ;    ;             ;
; Output I/O Timing Endpoint                                                                           ; Near End           ;      ;    ;             ;
+------------------------------------------------------------------------------------------------------+--------------------+------+----+-------------+


+------------------------------------------------------------------------------------------------------------------------------------------------------------------------------------+
; Clock Settings Summary                                                                                                                                                             ;
+-----------------+--------------------+----------+------------------+---------------+--------------+----------+-----------------------+---------------------+--------+--------------+
; Clock Node Name ; Clock Setting Name ; Type     ; Fmax Requirement ; Early Latency ; Late Latency ; Based on ; Multiply Base Fmax by ; Divide Base Fmax by ; Offset ; Phase offset ;
+-----------------+--------------------+----------+------------------+---------------+--------------+----------+-----------------------+---------------------+--------+--------------+
; CLK             ;                    ; User Pin ; None             ; 0.000 ns      ; 0.000 ns     ; --       ; N/A                   ; N/A                 ; N/A    ;              ;
+-----------------+--------------------+----------+------------------+---------------+--------------+----------+-----------------------+---------------------+--------+--------------+


Parallel compilation was disabled, but you have multiple processors available. Enable parallel compilation to reduce compilation time.
+-------------------------------------+
; Parallel Compilation                ;
+----------------------------+--------+
; Processors                 ; Number ;
+----------------------------+--------+
; Number detected on machine ; 20     ;
; Maximum allowed            ; 1      ;
+----------------------------+--------+


+--------------------------------------------------------------------------------------------------------------------------------------------------------------------------------------------------------------------------------------------------------------------------------------------------------------------------------------+
; Clock Setup: 'CLK'                                                                                                                                                                                                                                                                                                                   ;
+-------+----------------------------------+---------------------------------------------------------------------------------------+---------------------------------------------------------------------------------------+------------+----------+-----------------------------+---------------------------+-------------------------+
; Slack ; Actual fmax (period)             ; From                                                                                  ; To                                                                                    ; From Clock ; To Clock ; Required Setup Relationship ; Required Longest P2P Time ; Actual Longest P2P Time ;
+-------+----------------------------------+---------------------------------------------------------------------------------------+---------------------------------------------------------------------------------------+------------+----------+-----------------------------+---------------------------+-------------------------+
; N/A   ; 347.22 MHz ( period = 2.880 ns ) ; lpm_counter1:inst|lpm_counter:lpm_counter_component|cntr_uui:auto_generated|safe_q[0] ; lpm_counter1:inst|lpm_counter:lpm_counter_component|cntr_uui:auto_generated|safe_q[3] ; CLK        ; CLK      ; None                        ; None                      ; 2.666 ns                ;
; N/A   ; 347.22 MHz ( period = 2.880 ns ) ; lpm_counter1:inst|lpm_counter:lpm_counter_component|cntr_uui:auto_generated|safe_q[0] ; lpm_counter1:inst|lpm_counter:lpm_counter_component|cntr_uui:auto_generated|safe_q[2] ; CLK        ; CLK      ; None                        ; None                      ; 2.666 ns                ;
; N/A   ; 347.22 MHz ( period = 2.880 ns ) ; lpm_counter1:inst|lpm_counter:lpm_counter_component|cntr_uui:auto_generated|safe_q[0] ; lpm_counter1:inst|lpm_counter:lpm_counter_component|cntr_uui:auto_generated|safe_q[0] ; CLK        ; CLK      ; None                        ; None                      ; 2.666 ns                ;
; N/A   ; 347.22 MHz ( period = 2.880 ns ) ; lpm_counter1:inst|lpm_counter:lpm_counter_component|cntr_uui:auto_generated|safe_q[0] ; lpm_counter1:inst|lpm_counter:lpm_counter_component|cntr_uui:auto_generated|safe_q[1] ; CLK        ; CLK      ; None                        ; None                      ; 2.666 ns                ;
; N/A   ; 360.88 MHz ( period = 2.771 ns ) ; lpm_counter1:inst|lpm_counter:lpm_counter_component|cntr_uui:auto_generated|safe_q[1] ; lpm_counter1:inst|lpm_counter:lpm_counter_component|cntr_uui:auto_generated|safe_q[3] ; CLK        ; CLK      ; None                        ; None                      ; 2.557 ns                ;
; N/A   ; 360.88 MHz ( period = 2.771 ns ) ; lpm_counter1:inst|lpm_counter:lpm_counter_component|cntr_uui:auto_generated|safe_q[1] ; lpm_counter1:inst|lpm_counter:lpm_counter_component|cntr_uui:auto_generated|safe_q[2] ; CLK        ; CLK      ; None                        ; None                      ; 2.557 ns                ;
; N/A   ; 360.88 MHz ( period = 2.771 ns ) ; lpm_counter1:inst|lpm_counter:lpm_counter_component|cntr_uui:auto_generated|safe_q[1] ; lpm_counter1:inst|lpm_counter:lpm_counter_component|cntr_uui:auto_generated|safe_q[0] ; CLK        ; CLK      ; None                        ; None                      ; 2.557 ns                ;
; N/A   ; 360.88 MHz ( period = 2.771 ns ) ; lpm_counter1:inst|lpm_counter:lpm_counter_component|cntr_uui:auto_generated|safe_q[1] ; lpm_counter1:inst|lpm_counter:lpm_counter_component|cntr_uui:auto_generated|safe_q[1] ; CLK        ; CLK      ; None                        ; None                      ; 2.557 ns                ;
; N/A   ; 365.10 MHz ( period = 2.739 ns ) ; lpm_counter1:inst|lpm_counter:lpm_counter_component|cntr_uui:auto_generated|safe_q[2] ; lpm_counter1:inst|lpm_counter:lpm_counter_component|cntr_uui:auto_generated|safe_q[3] ; CLK        ; CLK      ; None                        ; None                      ; 2.525 ns                ;
; N/A   ; 365.10 MHz ( period = 2.739 ns ) ; lpm_counter1:inst|lpm_counter:lpm_counter_component|cntr_uui:auto_generated|safe_q[2] ; lpm_counter1:inst|lpm_counter:lpm_counter_component|cntr_uui:auto_generated|safe_q[2] ; CLK        ; CLK      ; None                        ; None                      ; 2.525 ns                ;
; N/A   ; 365.10 MHz ( period = 2.739 ns ) ; lpm_counter1:inst|lpm_counter:lpm_counter_component|cntr_uui:auto_generated|safe_q[2] ; lpm_counter1:inst|lpm_counter:lpm_counter_component|cntr_uui:auto_generated|safe_q[0] ; CLK        ; CLK      ; None                        ; None                      ; 2.525 ns                ;
; N/A   ; 365.10 MHz ( period = 2.739 ns ) ; lpm_counter1:inst|lpm_counter:lpm_counter_component|cntr_uui:auto_generated|safe_q[2] ; lpm_counter1:inst|lpm_counter:lpm_counter_component|cntr_uui:auto_generated|safe_q[1] ; CLK        ; CLK      ; None                        ; None                      ; 2.525 ns                ;
; N/A   ; 380.52 MHz ( period = 2.628 ns ) ; lpm_counter1:inst|lpm_counter:lpm_counter_component|cntr_uui:auto_generated|safe_q[3] ; lpm_counter1:inst|lpm_counter:lpm_counter_component|cntr_uui:auto_generated|safe_q[3] ; CLK        ; CLK      ; None                        ; None                      ; 2.414 ns                ;
; N/A   ; 380.52 MHz ( period = 2.628 ns ) ; lpm_counter1:inst|lpm_counter:lpm_counter_component|cntr_uui:auto_generated|safe_q[3] ; lpm_counter1:inst|lpm_counter:lpm_counter_component|cntr_uui:auto_generated|safe_q[2] ; CLK        ; CLK      ; None                        ; None                      ; 2.414 ns                ;
; N/A   ; 380.52 MHz ( period = 2.628 ns ) ; lpm_counter1:inst|lpm_counter:lpm_counter_component|cntr_uui:auto_generated|safe_q[3] ; lpm_counter1:inst|lpm_counter:lpm_counter_component|cntr_uui:auto_generated|safe_q[0] ; CLK        ; CLK      ; None                        ; None                      ; 2.414 ns                ;
; N/A   ; 380.52 MHz ( period = 2.628 ns ) ; lpm_counter1:inst|lpm_counter:lpm_counter_component|cntr_uui:auto_generated|safe_q[3] ; lpm_counter1:inst|lpm_counter:lpm_counter_component|cntr_uui:auto_generated|safe_q[1] ; CLK        ; CLK      ; None                        ; None                      ; 2.414 ns                ;
+-------+----------------------------------+---------------------------------------------------------------------------------------+---------------------------------------------------------------------------------------+------------+----------+-----------------------------+---------------------------+-------------------------+


+-----------------------------------------------------------------------------------------------------------------------------------------------------+
; tco                                                                                                                                                 ;
+-------+--------------+------------+---------------------------------------------------------------------------------------+------------+------------+
; Slack ; Required tco ; Actual tco ; From                                                                                  ; To         ; From Clock ;
+-------+--------------+------------+---------------------------------------------------------------------------------------+------------+------------+
; N/A   ; None         ; 7.860 ns   ; lpm_counter1:inst|lpm_counter:lpm_counter_component|cntr_uui:auto_generated|safe_q[3] ; address[3] ; CLK        ;
; N/A   ; None         ; 6.971 ns   ; lpm_counter1:inst|lpm_counter:lpm_counter_component|cntr_uui:auto_generated|safe_q[0] ; address[0] ; CLK        ;
; N/A   ; None         ; 6.378 ns   ; lpm_counter1:inst|lpm_counter:lpm_counter_component|cntr_uui:auto_generated|safe_q[2] ; address[2] ; CLK        ;
; N/A   ; None         ; 6.366 ns   ; lpm_counter1:inst|lpm_counter:lpm_counter_component|cntr_uui:auto_generated|safe_q[1] ; address[1] ; CLK        ;
+-------+--------------+------------+---------------------------------------------------------------------------------------+------------+------------+


+--------------------------+
; Timing Analyzer Messages ;
+--------------------------+
Info: *******************************************************************
Info: Running Quartus II Classic Timing Analyzer
    Info: Version 9.1 Build 222 10/21/2009 SJ Web Edition
    Info: Processing started: Fri Apr 24 20:40:00 2026
Info: Command: quartus_tan --read_settings_files=off --write_settings_files=off CPU -c CPU --timing_analysis_only
Warning: Found pins functioning as undefined clocks and/or memory enables
    Info: Assuming node "CLK" is an undefined clock
Info: Clock "CLK" has Internal fmax of 347.22 MHz between source register "lpm_counter1:inst|lpm_counter:lpm_counter_component|cntr_uui:auto_generated|safe_q[0]" and destination register "lpm_counter1:inst|lpm_counter:lpm_counter_component|cntr_uui:auto_generated|safe_q[3]" (period= 2.88 ns)
    Info: + Longest register to register delay is 2.666 ns
        Info: 1: + IC(0.000 ns) + CELL(0.000 ns) = 0.000 ns; Loc. = LCFF_X41_Y34_N21; Fanout = 4; REG Node = 'lpm_counter1:inst|lpm_counter:lpm_counter_component|cntr_uui:auto_generated|safe_q[0]'
        Info: 2: + IC(0.338 ns) + CELL(0.414 ns) = 0.752 ns; Loc. = LCCOMB_X41_Y34_N20; Fanout = 2; COMB Node = 'lpm_counter1:inst|lpm_counter:lpm_counter_component|cntr_uui:auto_generated|counter_comb_bita0~COUT'
        Info: 3: + IC(0.000 ns) + CELL(0.071 ns) = 0.823 ns; Loc. = LCCOMB_X41_Y34_N22; Fanout = 2; COMB Node = 'lpm_counter1:inst|lpm_counter:lpm_counter_component|cntr_uui:auto_generated|counter_comb_bita1~COUT'
        Info: 4: + IC(0.000 ns) + CELL(0.071 ns) = 0.894 ns; Loc. = LCCOMB_X41_Y34_N24; Fanout = 2; COMB Node = 'lpm_counter1:inst|lpm_counter:lpm_counter_component|cntr_uui:auto_generated|counter_comb_bita2~COUT'
        Info: 5: + IC(0.000 ns) + CELL(0.071 ns) = 0.965 ns; Loc. = LCCOMB_X41_Y34_N26; Fanout = 1; COMB Node = 'lpm_counter1:inst|lpm_counter:lpm_counter_component|cntr_uui:auto_generated|counter_comb_bita3~COUT'
        Info: 6: + IC(0.000 ns) + CELL(0.410 ns) = 1.375 ns; Loc. = LCCOMB_X41_Y34_N28; Fanout = 1; COMB Node = 'lpm_counter1:inst|lpm_counter:lpm_counter_component|cntr_uui:auto_generated|counter_comb_bita3~0'
        Info: 7: + IC(0.249 ns) + CELL(0.149 ns) = 1.773 ns; Loc. = LCCOMB_X41_Y34_N2; Fanout = 4; COMB Node = 'lpm_counter1:inst|lpm_counter:lpm_counter_component|cntr_uui:auto_generated|cout_actual'
        Info: 8: + IC(0.234 ns) + CELL(0.659 ns) = 2.666 ns; Loc. = LCFF_X41_Y34_N27; Fanout = 4; REG Node = 'lpm_counter1:inst|lpm_counter:lpm_counter_component|cntr_uui:auto_generated|safe_q[3]'
        Info: Total cell delay = 1.845 ns ( 69.20 % )
        Info: Total interconnect delay = 0.821 ns ( 30.80 % )
    Info: - Smallest clock skew is 0.000 ns
        Info: + Shortest clock path from clock "CLK" to destination register is 2.681 ns
            Info: 1: + IC(0.000 ns) + CELL(0.999 ns) = 0.999 ns; Loc. = PIN_P2; Fanout = 1; CLK Node = 'CLK'
            Info: 2: + IC(0.118 ns) + CELL(0.000 ns) = 1.117 ns; Loc. = CLKCTRL_G3; Fanout = 4; COMB Node = 'CLK~clkctrl'
            Info: 3: + IC(1.027 ns) + CELL(0.537 ns) = 2.681 ns; Loc. = LCFF_X41_Y34_N27; Fanout = 4; REG Node = 'lpm_counter1:inst|lpm_counter:lpm_counter_component|cntr_uui:auto_generated|safe_q[3]'
            Info: Total cell delay = 1.536 ns ( 57.29 % )
            Info: Total interconnect delay = 1.145 ns ( 42.71 % )
        Info: - Longest clock path from clock "CLK" to source register is 2.681 ns
            Info: 1: + IC(0.000 ns) + CELL(0.999 ns) = 0.999 ns; Loc. = PIN_P2; Fanout = 1; CLK Node = 'CLK'
            Info: 2: + IC(0.118 ns) + CELL(0.000 ns) = 1.117 ns; Loc. = CLKCTRL_G3; Fanout = 4; COMB Node = 'CLK~clkctrl'
            Info: 3: + IC(1.027 ns) + CELL(0.537 ns) = 2.681 ns; Loc. = LCFF_X41_Y34_N21; Fanout = 4; REG Node = 'lpm_counter1:inst|lpm_counter:lpm_counter_component|cntr_uui:auto_generated|safe_q[0]'
            Info: Total cell delay = 1.536 ns ( 57.29 % )
            Info: Total interconnect delay = 1.145 ns ( 42.71 % )
    Info: + Micro clock to output delay of source is 0.250 ns
    Info: + Micro setup delay of destination is -0.036 ns
Info: tco from clock "CLK" to destination pin "address[3]" through register "lpm_counter1:inst|lpm_counter:lpm_counter_component|cntr_uui:auto_generated|safe_q[3]" is 7.860 ns
    Info: + Longest clock path from clock "CLK" to source register is 2.681 ns
        Info: 1: + IC(0.000 ns) + CELL(0.999 ns) = 0.999 ns; Loc. = PIN_P2; Fanout = 1; CLK Node = 'CLK'
        Info: 2: + IC(0.118 ns) + CELL(0.000 ns) = 1.117 ns; Loc. = CLKCTRL_G3; Fanout = 4; COMB Node = 'CLK~clkctrl'
        Info: 3: + IC(1.027 ns) + CELL(0.537 ns) = 2.681 ns; Loc. = LCFF_X41_Y34_N27; Fanout = 4; REG Node = 'lpm_counter1:inst|lpm_counter:lpm_counter_component|cntr_uui:auto_generated|safe_q[3]'
        Info: Total cell delay = 1.536 ns ( 57.29 % )
        Info: Total interconnect delay = 1.145 ns ( 42.71 % )
    Info: + Micro clock to output delay of source is 0.250 ns
    Info: + Longest register to pin delay is 4.929 ns
        Info: 1: + IC(0.000 ns) + CELL(0.000 ns) = 0.000 ns; Loc. = LCFF_X41_Y34_N27; Fanout = 4; REG Node = 'lpm_counter1:inst|lpm_counter:lpm_counter_component|cntr_uui:auto_generated|safe_q[3]'
        Info: 2: + IC(2.140 ns) + CELL(2.789 ns) = 4.929 ns; Loc. = PIN_E5; Fanout = 0; PIN Node = 'address[3]'
        Info: Total cell delay = 2.789 ns ( 56.58 % )
        Info: Total interconnect delay = 2.140 ns ( 43.42 % )
Info: Quartus II Classic Timing Analyzer was successful. 0 errors, 1 warning
    Info: Peak virtual memory: 183 megabytes
    Info: Processing ended: Fri Apr 24 20:40:00 2026
    Info: Elapsed time: 00:00:00
    Info: Total CPU time (on all processors): 00:00:00


